NO: test0
AL: 32
SP: -272
EM: 0
CS: 0.0
QTY: 3
#
CCGCACTCCTGTACTCCATCCAATGATTAC--
AACTAAGTCCTAGCCCATGCGTCGGA-GT-AG
CGTTCGTAAAGCTAGAACCGTAGGTTGCCG--

NO: test1
AL: 32
SP: -192
EM: 1
CS: 0.03125
QTY: 3
#
GCCCTTCACTGGATGCATGTATCGGGATCT--
ACCCAACGGAGGTCGTGCAAGTACTCT-CAC-
T-TGTACATAAATTTACTGTGGTG-GGGTAGG

NO: test2
AL: 33
SP: -156
EM: 5
CS: 0.15151515151515152
QTY: 3
#
AGATGCCCGACATACA-AAATAGCATGATCT--
ACGGCGACCTATTTCT-GAACAACAACTGTT--
A-CACA-ACAAGC-CTACCCGAATAACTTATCT

NO: test3
AL: 32
SP: -240
EM: 1
CS: 0.03125
QTY: 3
#
AATAGGACCACGCATTTAATATATATGCTC--
GAGTCAGCTACTTGAAAACGCCTAGGG-AGA-
TTCGTTGTTA-ACTTCAGCTAAAGCAA-GAAT

NO: test4
AL: 32
SP: -232
EM: 0
CS: 0.0
QTY: 3
#
CGCCACATCGCTTCACCCCTAAACTTGTAC--
AACACGAGTATGTGCAAACGACAACCC-AAA-
GAGTGATTGGTAGTGAAATG-ACGTAC-GTAC

NO: test5
AL: 32
SP: -216
EM: 2
CS: 0.0625
QTY: 3
#
AGTCTCGACGCGACCACCGATTATGACATT--
CCTTTGGCCA-TCAGGAAAGTAGGCCGCATA-
TGTACCGTATCCGGCAGCGCAGAT-CC-CCCG

NO: test6
AL: 32
SP: -232
EM: 2
CS: 0.0625
QTY: 3
#
AGTAAAACGTAGTTATGCAGCTTAATAAAT--
CCAAACATAGTCCAGGCGGTTAGAGTG-GCC-
AAGAGGTTTTGCC-CACCTTATGACAC-CGAG

NO: test7
AL: 32
SP: -256
EM: 1
CS: 0.03125
QTY: 3
#
AAATATTGCGACCATACTGACATACACCAC--
CTTTCCGCATAACCGTA-TACGCATTGACGT-
GCGGCACCTAGGGGAAACGCGAGAAT--GGGA

NO: test8
AL: 32
SP: -264
EM: 1
CS: 0.03125
QTY: 3
#
ACTGATTTGGGGCGCTGAATACGCTCCCGA--
TTTATAGTCATTGGCGTAGGCGCTAATGTC--
CTGGTGGTTTCCG-T-CGTTTTTGCCAAACCG

NO: test9
AL: 30
SP: -168
EM: 2
CS: 0.06666666666666667
QTY: 3
#
GTGGCAAACCGGCTACGTACTCCATTTTTC
AACCGTCTTTACCGCGCTTCTGGTGGGTTC
GCGAGTGAGAGCGTACTCGCGGCCCGCGCC

NO: test10
AL: 32
SP: -184
EM: 3
CS: 0.09375
QTY: 3
#
GGCTAAATCGAGATTATGCAGTTTCTTGAT--
ACCGAGGAACAAATACGCTGTGGGGTC-AAC-
AC-GAATGCCATAGCCTCCGCCC-TGGTGGCG

NO: test11
AL: 32
SP: -200
EM: 3
CS: 0.09375
QTY: 3
#
AGTGTTGCCGGGGCACCGTGGACCTTTCCA--
AGTAGCTACCGCCT-GGTTAACTCTAATGAC-
TGCTCAACCCGTCGATAACTGCAGAA--CCGA

NO: test12
AL: 32
SP: -216
EM: 1
CS: 0.03125
QTY: 3
#
TTGTTCTGCCACAGTTAGGATCGTAGGTAG--
CTTTTTACGACTGGATCTCTCAGCTCT-A-AG
AACGCTTGCCCGGGGAGCCAAGTCAACTCC--

NO: test13
AL: 31
SP: -204
EM: 2
CS: 0.06451612903225806
QTY: 3
#
TACACGGCTCCCGAGGTCAGAGGCGGTGGT-
ACGGCCTGTACGCACATTATGCCGGG-ATAG
AGTCACACTTACACATAAGCCCACCGAATA-

NO: test14
AL: 31
SP: -244
EM: 0
CS: 0.0
QTY: 3
#
ATCACTCATCTAGCAACGATCGGTTCCTTA-
CTGGTGCTGTAATTTTATTTTTCACCG-GGC
GGTCGTGCCGTCTCGGATTAATTGAGCAGG-

NO: test15
AL: 32
SP: -256
EM: 1
CS: 0.03125
QTY: 3
#
GTCCAGATCTGACAAGTAACAGTGATTGGT--
TGTGATCAATCCTTGCCACGCCTACGCCGA--
CGCATTGCACTTA-G-TGGCGAGTCCACGGGT

NO: test16
AL: 33
SP: -244
EM: 1
CS: 0.030303030303030304
QTY: 3
#
CCTCCTGATACTAGTATTGACTTTTGC-AGA--
GAACGTGGTTCCGGGTGTTTGCAGCGACT-G--
CCCAAGTGGCA-A-ATGTAGGGGCTTTC-ATAA

NO: test17
AL: 32
SP: -216
EM: 0
CS: 0.0
QTY: 3
#
TTATCCGCAAGCCGCTCGGTTCGGAGACCC--
TAGCATAAAGCACTTAAGTGTCCCTAA-AGA-
ACGCGTAAGCACGTCGCTGTCTCCG-G-CTTA

NO: test18
AL: 33
SP: -196
EM: 2
CS: 0.06060606060606061
QTY: 3
#
ACTTCGGGAGGGGTAGGGTA-GCAGAGAGAC--
AT-AGAACTGGTGTATTGCAAGGACAG-TGAT-
AGTGGGGGGTAACT-TTAATG-TTGCTTA-AGG

NO: test19
AL: 36
SP: -312
EM: 2
CS: 0.05555555555555555
QTY: 3
#
CGCGTAGTCACAGAAGTTAATCAAACCGCT------
TACTTTATGATTTCCACGGCATCAGCAAAA------
G-TGACACTG-CA-GAAACG-AGA-CACA-TGGGAA

NO: test20
AL: 32
SP: -176
EM: 3
CS: 0.09375
QTY: 3
#
GCTTTACCGCACATTGTGTCATAGGTCGTT--
AGGACTAAACCAACTAACCTTCGCGTA-TGA-
GAACGCGGA-CAACCACCCTCCACGAC-TTCC

NO: test21
AL: 32
SP: -240
EM: 1
CS: 0.03125
QTY: 3
#
CGAATGATACTCCACGCAAGCCACCGTGCA--
TCAACCTAACCTTGTCTGCTCCAGCA-AGAG-
ATGCGCAGATACGACTTTGATATTT-G-GTAC

NO: test22
AL: 31
SP: -236
EM: 0
CS: 0.0
QTY: 3
#
CATTCTAGTAGCTTAACTTATCATTCGATT-
TTGGGGTTCCCGCGGATGCGAACCATC-GCT
CAATATTTGTGCCCGGGAGAGTGTACAATG-

NO: test23
AL: 33
SP: -204
EM: 3
CS: 0.09090909090909091
QTY: 3
#
AACGAGTTCC-CAAGAAGCGCAAGGGGCGCG--
ATCATCATAATTCATGTTGCGTAAAAGAT-G--
TACCTATGAA-GAACCTATCAAATCG-A-ATCG

NO: test24
AL: 32
SP: -240
EM: 0
CS: 0.0
QTY: 3
#
GCGCCTGTTGACAGACAGATTCCGCCCGAC--
GTTCGAGTGCAATATGGAAATATTTTA-GCC-
TTTTTGAATCT-CATAG-GTCTCCGAGTGTAG

NO: test25
AL: 32
SP: -208
EM: 1
CS: 0.03125
QTY: 3
#
AACCTGGTCATGTCATCGCGCCTTGGCATC--
GGGGCTATTGTTAGAAACTCAGCGCG-CCAT-
G-GAAGACAATGATTAAACCTGCGGAG-GCAC

NO: test26
AL: 32
SP: -272
EM: 0
CS: 0.0
QTY: 3
#
AGGAGGGTTACTGACGAGAGGTAGTGAGAG--
TTAAACTTGGGAGCGGCTTTCACCTAA-GCC-
TCGTTATGCCATCTTTTCATTATGG-T-CTTC

NO: test27
AL: 32
SP: -216
EM: 1
CS: 0.03125
QTY: 3
#
GCACAGACCACCCCACAGCTCAAGGTAATT--
GACGATGGATTACTCCCTCATCAGTC-AGAT-
AGTACGC-ACCACTAATTGACTTACCG-AACC

NO: test28
AL: 33
SP: -204
EM: 1
CS: 0.030303030303030304
QTY: 3
#
CACTCTTCCCATGCAACACC-AGCAGGCCAA--
ACATACTGGATGTCTAC-AG-CCATGAATCGA-
CTCCGTGGGATGATA-TGAGCGGCGGG--ATAC

NO: test29
AL: 32
SP: -224
EM: 1
CS: 0.03125
QTY: 3
#
CTTGAATATGCCGCTCATCGGCATGAGGTT--
GCGCGCTTGCTCGGCGACCTCTGTACC-TCA-
CGCTCTTGGTTGA-CAGTGGCCCCGAA-CTCG

NO: test30
AL: 32
SP: -240
EM: 1
CS: 0.03125
QTY: 3
#
ACGGACA-AAAGACTGGTCATAGGCAATACT-
ACGTTTTATTGTTGGCTAATCGGA-ACT-ATT
TATAACC-GAAGCAGGTGTGGTTCTACAGGG-

NO: test31
AL: 32
SP: -264
EM: 0
CS: 0.0
QTY: 3
#
GCCAGTGCACCACGCATATAGGTCGCGGAA--
AGACCCCAGTTCACATCCCAAAATTCACCA--
GAGGATATTCAGATCCT-CC-ATCCAGACTTT

NO: test32
AL: 32
SP: -224
EM: 3
CS: 0.09375
QTY: 3
#
AATTTTCGTGCATTGCGGAAGCTAGCGACC--
GAAATATTAGCGGATCTTTACTCTACA-TCC-
TCCCGCGCGAACAA-GAGGACCAGCCA-TCGT

NO: test33
AL: 31
SP: -164
EM: 1
CS: 0.03225806451612903
QTY: 3
#
GAAGTGTGTCTTACTACAAAATGTCACCGG-
TAACAATATCGGCTTTCACCAATCGA-GCGG
AGTGAAGGCGGCTCCTTAAATAAGCGCACA-

NO: test34
AL: 32
SP: -168
EM: 4
CS: 0.125
QTY: 3
#
CACTTGGTTTGTATTAAGGGGTGATTACGT--
AGCCGGGCTGGACTCATAGCGCGCAACATA--
CCTGAAGCATCACT--TTGTCTGGACGGTGCG

NO: test35
AL: 32
SP: -208
EM: 2
CS: 0.0625
QTY: 3
#
AGTGCGGGATACACGTAAGCTGTTCGCGTC--
AGCGTTACAACTCCTGGACATTGGTAC-TTG-
TGGATCGTTTTAC-C-CCGACCGTCCCAAGTG

NO: test36
AL: 32
SP: -144
EM: 4
CS: 0.125
QTY: 3
#
GTACGATAGAATACATTAAGCCTACGCCAT--
TTATCATAGGAGGTCTCACGCCGTATG-CTT-
TCAGGTATTATGGGCCG-AGCGAGACC-GTGG

NO: test37
AL: 31
SP: -164
EM: 2
CS: 0.06451612903225806
QTY: 3
#
TACAGAAACCGTTATAGTAACTAGAGACGT-
TGAGGCGACTGTAGTTGGAGTAGATGAGCG-
TACGCCGCTACAA-ATTCACACATTAGGTTT

NO: test38
AL: 32
SP: -256
EM: 0
CS: 0.0
QTY: 3
#
AAATCAGAGGCAATGGTTATCACCATAAGT--
TGTGAGAATTACCATACGTGATTTGG-AGTT-
CATCGTTTCA-AATACCTCACTTAGCT-AATC

NO: test39
AL: 32
SP: -168
EM: 2
CS: 0.0625
QTY: 3
#
AGCGACTGCTTTCCCTAACCCACCCGTAAC--
ATGTGGCTCTAGTTACATACCCTGGT-ACAC-
TGCTCGTACAAGA-AAGTCGCACGGAA-ACGC

NO: test40
AL: 32
SP: -184
EM: 3
CS: 0.09375
QTY: 3
#
AGAAGATACATGTCGCAACTAACCTTTACT--
TCGAGTCGCGTTGGGCGCTT-TAAGAATGCT-
AAGA-GAAC-TAGCCTGTACATTCGAAGTGAA

NO: test41
AL: 31
SP: -212
EM: 1
CS: 0.03225806451612903
QTY: 3
#
TTCTCGCGCCGTCTATCGTCGCTTCACGAA-
ACATACGGCGCATTGACCCAGTTAACA-AAG
CGACCAAATCGCACATCAGAAAGCTCCCCC-

NO: test42
AL: 32
SP: -176
EM: 3
CS: 0.09375
QTY: 3
#
GTGGACAAGGCACGGGCAGATTCGCAGTGA--
TC-CTCCCAGATGCTTGTATATGGTAGGAAC-
CCGGTCCACTGGGGGTATCACTCCAA--TTAG

NO: test43
AL: 32
SP: -232
EM: 1
CS: 0.03125
QTY: 3
#
GTGTCGATTTAATAGAGGACCTCAGGCGTA--
TGGTAACACGGCTCCAATGGAGCAGAGTGA--
CCAATCGCAGTTG-AGTGGCCTTA-CGGTTTT

NO: test44
AL: 32
SP: -144
EM: 4
CS: 0.125
QTY: 3
#
ACCAGATAGATGTCTGCAGTGAGATTCCTG--
GAGTGCGCGATGGGGGTGCG-CGAGTAGTAG-
CGTACCAGTCGGT-G-CGCGGCGATGTATTGT

NO: test45
AL: 32
SP: -184
EM: 2
CS: 0.0625
QTY: 3
#
GGGGTGATCGCAAGGCTTCGTAGATTGATC--
GGCTAAGAGGCAATTACGAGTGCTCG-TTAC-
CGGAAGTTGCTCCCC-TGGGGTCAAGTA-AAC

NO: test46
AL: 33
SP: -228
EM: 3
CS: 0.09090909090909091
QTY: 3
#
TGACACCT-TGATTCGGAGCGATGCAGCGCG--
ATGAGGTAGTGTCTTGGATCTGACTACCAC---
TACTCCGT-AACATATGGTACTGTTA-T-AACC

NO: test47
AL: 31
SP: -204
EM: 2
CS: 0.06451612903225806
QTY: 3
#
TTTTTTGCATTGGCTATTACAGCTAACACC-
GTAGGCCTTGACGGTGTTATCAGGGACACG-
CGTCATAGGCGGGCCGAG-TGCTCCTCTACG

NO: test48
AL: 32
SP: -192
EM: 2
CS: 0.0625
QTY: 3
#
CTGAGATGGATACGCACCGCGGCAGGACCT--
AATGAAGGCCATCTTCTTGAAGCCATT-CAG-
CTTGGACTGCTCT--TGTGCCAGCCAAAAGGC

NO: test49
AL: 37
SP: -116
EM: 10
CS: 0.2702702702702703
QTY: 3
#
TTTATAC-TAGCTATTGACCACGAGGGGATG------
TACGT-CGTATGGACGCATCACGATCG-ATAC-----
-G-GTGC-T--C-ACCAATCAAGCTTGCA-AGTTGTC

NO: test0
AL: 32
SP: -272
EM: 0
CS: 0.0
QTY: 3
#
CCGCACTCCTGTACTCCATCCAATGATTAC--
AACTAAGTCCTAGCCCATGCGTCGGA-GT-AG
CGTTCGTAAAGCTAGAACCGTAGGTTGCCG--

NO: test1
AL: 32
SP: -192
EM: 1
CS: 0.03125
QTY: 3
#
GCCCTTCACTGGATGCATGTATCGGGATCT--
ACCCAACGGAGGTCGTGCAAGTACTCT-CAC-
T-TGTACATAAATTTACTGTGGTG-GGGTAGG

NO: test2
AL: 33
SP: -156
EM: 5
CS: 0.15151515151515152
QTY: 3
#
AGATGCCCGACATACA-AAATAGCATGATCT--
ACGGCGACCTATTTCT-GAACAACAACTGTT--
A-CACA-ACAAGC-CTACCCGAATAACTTATCT

NO: test3
AL: 32
SP: -240
EM: 1
CS: 0.03125
QTY: 3
#
AATAGGACCACGCATTTAATATATATGCTC--
GAGTCAGCTACTTGAAAACGCCTAGGG-AGA-
TTCGTTGTTA-ACTTCAGCTAAAGCAA-GAAT

NO: test4
AL: 32
SP: -232
EM: 0
CS: 0.0
QTY: 3
#
CGCCACATCGCTTCACCCCTAAACTTGTAC--
AACACGAGTATGTGCAAACGACAACCC-AAA-
GAGTGATTGGTAGTGAAATG-ACGTAC-GTAC

NO: test5
AL: 32
SP: -216
EM: 2
CS: 0.0625
QTY: 3
#
AGTCTCGACGCGACCACCGATTATGACATT--
CCTTTGGCCA-TCAGGAAAGTAGGCCGCATA-
TGTACCGTATCCGGCAGCGCAGAT-CC-CCCG

NO: test6
AL: 32
SP: -232
EM: 2
CS: 0.0625
QTY: 3
#
AGTAAAACGTAGTTATGCAGCTTAATAAAT--
CCAAACATAGTCCAGGCGGTTAGAGTG-GCC-
AAGAGGTTTTGCC-CACCTTATGACAC-CGAG

NO: test7
AL: 32
SP: -256
EM: 1
CS: 0.03125
QTY: 3
#
AAATATTGCGACCATACTGACATACACCAC--
CTTTCCGCATAACCGTA-TACGCATTGACGT-
GCGGCACCTAGGGGAAACGCGAGAAT--GGGA

NO: test8
AL: 32
SP: -264
EM: 1
CS: 0.03125
QTY: 3
#
ACTGATTTGGGGCGCTGAATACGCTCCCGA--
TTTATAGTCATTGGCGTAGGCGCTAATGTC--
CTGGTGGTTTCCG-T-CGTTTTTGCCAAACCG

NO: test9
AL: 30
SP: -168
EM: 2
CS: 0.06666666666666667
QTY: 3
#
GTGGCAAACCGGCTACGTACTCCATTTTTC
AACCGTCTTTACCGCGCTTCTGGTGGGTTC
GCGAGTGAGAGCGTACTCGCGGCCCGCGCC

NO: test10
AL: 32
SP: -184
EM: 3
CS: 0.09375
QTY: 3
#
GGCTAAATCGAGATTATGCAGTTTCTTGAT--
ACCGAGGAACAAATACGCTGTGGGGTC-AAC-
AC-GAATGCCATAGCCTCCGCCC-TGGTGGCG

NO: test11
AL: 32
SP: -200
EM: 3
CS: 0.09375
QTY: 3
#
AGTGTTGCCGGGGCACCGTGGACCTTTCCA--
AGTAGCTACCGCCT-GGTTAACTCTAATGAC-
TGCTCAACCCGTCGATAACTGCAGAA--CCGA

NO: test12
AL: 31
SP: -204
EM: 1
CS: 0.03225806451612903
QTY: 3
#
TTGTTCTGCCACAGTTAGGATCGTAGGTAG-
CTTTTTACGACTGGATCTCTCAGCTCT-AAG
AACGCTTGCCCGGGGAGCCAAGTCAACTCC-

NO: test13
AL: 31
SP: -204
EM: 2
CS: 0.06451612903225806
QTY: 3
#
TACACGGCTCCCGAGGTCAGAGGCGGTGGT-
ACGGCCTGTACGCACATTATGCCGGG-ATAG
AGTCACACTTACACATAAGCCCACCGAATA-

NO: test14
AL: 31
SP: -244
EM: 0
CS: 0.0
QTY: 3
#
ATCACTCATCTAGCAACGATCGGTTCCTTA-
CTGGTGCTGTAATTTTATTTTTCACCG-GGC
GGTCGTGCCGTCTCGGATTAATTGAGCAGG-

NO: test15
AL: 32
SP: -256
EM: 1
CS: 0.03125
QTY: 3
#
GTCCAGATCTGACAAGTAACAGTGATTGGT--
TGTGATCAATCCTTGCCACGCCTACGCCGA--
CGCATTGCACTTA-G-TGGCGAGTCCACGGGT

NO: test16
AL: 33
SP: -244
EM: 1
CS: 0.030303030303030304
QTY: 3
#
CCTCCTGATACTAGTATTGACTTTTGC-AGA--
GAACGTGGTTCCGGGTGTTTGCAGCGACT-G--
CCCAAGTGGCA-A-ATGTAGGGGCTTTC-ATAA

NO: test17
AL: 32
SP: -216
EM: 0
CS: 0.0
QTY: 3
#
TTATCCGCAAGCCGCTCGGTTCGGAGACCC--
TAGCATAAAGCACTTAAGTGTCCCTAA-AGA-
ACGCGTAAGCACGTCGCTGTCTCCG-G-CTTA

NO: test18
AL: 33
SP: -196
EM: 2
CS: 0.06060606060606061
QTY: 3
#
ACTTCGGGAGGGGTAGGGTA-GCAGAGAGAC--
AT-AGAACTGGTGTATTGCAAGGACAG-TGAT-
AGTGGGGGGTAACT-TTAATG-TTGCTTA-AGG

NO: test19
AL: 36
SP: -312
EM: 2
CS: 0.05555555555555555
QTY: 3
#
CGCGTAGTCACAGAAGTTAATCAAACCGCT------
TACTTTATGATTTCCACGGCATCAGCAAAA------
G-TGACACTG-CA-GAAACG-AGA-CACA-TGGGAA

NO: test20
AL: 32
SP: -176
EM: 3
CS: 0.09375
QTY: 3
#
GCTTTACCGCACATTGTGTCATAGGTCGTT--
AGGACTAAACCAACTAACCTTCGCGTA-TGA-
GAACGCGGA-CAACCACCCTCCACGAC-TTCC

NO: test21
AL: 32
SP: -240
EM: 1
CS: 0.03125
QTY: 3
#
CGAATGATACTCCACGCAAGCCACCGTGCA--
TCAACCTAACCTTGTCTGCTCCAGCA-AGAG-
ATGCGCAGATACGACTTTGATATTT-G-GTAC

NO: test22
AL: 31
SP: -236
EM: 0
CS: 0.0
QTY: 3
#
CATTCTAGTAGCTTAACTTATCATTCGATT-
TTGGGGTTCCCGCGGATGCGAACCATC-GCT
CAATATTTGTGCCCGGGAGAGTGTACAATG-

NO: test23
AL: 33
SP: -212
EM: 3
CS: 0.09090909090909091
QTY: 3
#
AACGAGTTCC-CAAGAAGCGCAAGGGGCGCG--
ATCATCATAATTCATGTTGCGTAAAAGATG---
TACCTATGAA-GAACCTATCAAATCG-A-ATCG

NO: test24
AL: 32
SP: -240
EM: 0
CS: 0.0
QTY: 3
#
GCGCCTGTTGACAGACAGATTCCGCCCGAC--
GTTCGAGTGCAATATGGAAATATTTTA-GCC-
TTTTTGAATCT-CATAG-GTCTCCGAGTGTAG

NO: test25
AL: 32
SP: -208
EM: 1
CS: 0.03125
QTY: 3
#
AACCTGGTCATGTCATCGCGCCTTGGCATC--
GGGGCTATTGTTAGAAACTCAGCGCG-CCAT-
G-GAAGACAATGATTAAACCTGCGGAG-GCAC

NO: test26
AL: 32
SP: -272
EM: 0
CS: 0.0
QTY: 3
#
AGGAGGGTTACTGACGAGAGGTAGTGAGAG--
TTAAACTTGGGAGCGGCTTTCACCTAA-GCC-
TCGTTATGCCATCTTTTCATTATGG-T-CTTC

NO: test27
AL: 32
SP: -216
EM: 1
CS: 0.03125
QTY: 3
#
GCACAGACCACCCCACAGCTCAAGGTAATT--
GACGATGGATTACTCCCTCATCAGTC-AGAT-
AGTACGC-ACCACTAATTGACTTACCG-AACC

NO: test28
AL: 33
SP: -204
EM: 1
CS: 0.030303030303030304
QTY: 3
#
CACTCTTCCCATGCAACACC-AGCAGGCCAA--
ACATACTGGATGTCTAC-AG-CCATGAATCGA-
CTCCGTGGGATGATA-TGAGCGGCGGG--ATAC

NO: test29
AL: 32
SP: -224
EM: 1
CS: 0.03125
QTY: 3
#
CTTGAATATGCCGCTCATCGGCATGAGGTT--
GCGCGCTTGCTCGGCGACCTCTGTACC-TCA-
CGCTCTTGGTTGA-CAGTGGCCCCGAA-CTCG

NO: test30
AL: 32
SP: -240
EM: 1
CS: 0.03125
QTY: 3
#
ACGGACA-AAAGACTGGTCATAGGCAATACT-
ACGTTTTATTGTTGGCTAATCGGA-ACT-ATT
TATAACC-GAAGCAGGTGTGGTTCTACAGGG-

NO: test31
AL: 32
SP: -264
EM: 0
CS: 0.0
QTY: 3
#
GCCAGTGCACCACGCATATAGGTCGCGGAA--
AGACCCCAGTTCACATCCCAAAATTCACCA--
GAGGATATTCAGATCCT-CC-ATCCAGACTTT

NO: test32
AL: 32
SP: -224
EM: 3
CS: 0.09375
QTY: 3
#
AATTTTCGTGCATTGCGGAAGCTAGCGACC--
GAAATATTAGCGGATCTTTACTCTACA-TCC-
TCCCGCGCGAACAA-GAGGACCAGCCA-TCGT

NO: test33
AL: 31
SP: -164
EM: 1
CS: 0.03225806451612903
QTY: 3
#
GAAGTGTGTCTTACTACAAAATGTCACCGG-
TAACAATATCGGCTTTCACCAATCGA-GCGG
AGTGAAGGCGGCTCCTTAAATAAGCGCACA-

NO: test34
AL: 32
SP: -168
EM: 4
CS: 0.125
QTY: 3
#
CACTTGGTTTGTATTAAGGGGTGATTACGT--
AGCCGGGCTGGACTCATAGCGCGCAACATA--
CCTGAAGCATCACT--TTGTCTGGACGGTGCG

NO: test35
AL: 31
SP: -156
EM: 4
CS: 0.12903225806451613
QTY: 3
#
AGTGCGGGATACACGTAAGCTGTTCGCGTC-
AGCGTTACAACTCCTGGACATTGGTA-CTTG
TGGATCGTTTTACCCCGACCGTCCCAAGTG-

NO: test36
AL: 32
SP: -144
EM: 4
CS: 0.125
QTY: 3
#
GTACGATAGAATACATTAAGCCTACGCCAT--
TTATCATAGGAGGTCTCACGCCGTATG-CTT-
TCAGGTATTATGGGCCG-AGCGAGACC-GTGG

NO: test37
AL: 31
SP: -164
EM: 2
CS: 0.06451612903225806
QTY: 3
#
TACAGAAACCGTTATAGTAACTAGAGACGT-
TGAGGCGACTGTAGTTGGAGTAGATGAGCG-
TACGCCGCTACAA-ATTCACACATTAGGTTT

NO: test38
AL: 32
SP: -256
EM: 0
CS: 0.0
QTY: 3
#
AAATCAGAGGCAATGGTTATCACCATAAGT--
TGTGAGAATTACCATACGTGATTTGG-AGTT-
CATCGTTTCA-AATACCTCACTTAGCT-AATC

NO: test39
AL: 33
SP: -204
EM: 3
CS: 0.09090909090909091
QTY: 3
#
AGCGACTGCTTTCCCTAACC-CACCCGTAAC--
ATGTGGCTCTAGTTACATAC-CCT-GGTAC-AC
TGCTCGTACAAGAAAGTCGCACGGAAAC-GC--

NO: test40
AL: 32
SP: -184
EM: 3
CS: 0.09375
QTY: 3
#
AGAAGATACATGTCGCAACTAACCTTTACT--
TCGAGTCGCGTTGGGCGCTT-TAAGAATGCT-
AAGA-GAAC-TAGCCTGTACATTCGAAGTGAA

NO: test41
AL: 31
SP: -212
EM: 1
CS: 0.03225806451612903
QTY: 3
#
TTCTCGCGCCGTCTATCGTCGCTTCACGAA-
ACATACGGCGCATTGACCCAGTTAACA-AAG
CGACCAAATCGCACATCAGAAAGCTCCCCC-

NO: test42
AL: 32
SP: -200
EM: 2
CS: 0.0625
QTY: 3
#
GTGGACAAGGCACGGGCAGATTCGCAGTGA--
TC-CTCCCAGATGCTTGTATATGGTAGGA-AC
CCGGTCCACTGGGGGTA-TCACTCCAA-TTAG

NO: test43
AL: 32
SP: -232
EM: 1
CS: 0.03125
QTY: 3
#
GTGTCGATTTAATAGAGGACCTCAGGCGTA--
TGGTAACACGGCTCCAATGGAGCAGAGTGA--
CCAATCGCAGTTG-AGTGGCCTTA-CGGTTTT

NO: test44
AL: 32
SP: -144
EM: 4
CS: 0.125
QTY: 3
#
ACCAGATAGATGTCTGCAGTGAGATTCCTG--
GAGTGCGCGATGGGGGTGCG-CGAGTAGTAG-
CGTACCAGTCGGT-G-CGCGGCGATGTATTGT

NO: test45
AL: 32
SP: -184
EM: 2
CS: 0.0625
QTY: 3
#
GGGGTGATCGCAAGGCTTCGTAGATTGATC--
GGCTAAGAGGCAATTACGAGTGCTCG-TTAC-
CGGAAGTTGCTCCCC-TGGGGTCAAGTA-AAC

NO: test46
AL: 33
SP: -228
EM: 3
CS: 0.09090909090909091
QTY: 3
#
TGACACCT-TGATTCGGAGCGATGCAGCGCG--
ATGAGGTAGTGTCTTGGATCTGACTACCAC---
TACTCCGT-AACATATGGTACTGTTA-T-AACC

NO: test47
AL: 31
SP: -204
EM: 2
CS: 0.06451612903225806
QTY: 3
#
TTTTTTGCATTGGCTATTACAGCTAACACC-
GTAGGCCTTGACGGTGTTATCAGGGACACG-
CGTCATAGGCGGGCCGAG-TGCTCCTCTACG

NO: test48
AL: 32
SP: -192
EM: 2
CS: 0.0625
QTY: 3
#
CTGAGATGGATACGCACCGCGGCAGGACCT--
AATGAAGGCCATCTTCTTGAAGCCATT-CAG-
CTTGGACTGCTCT--TGTGCCAGCCAAAAGGC

NO: test49
AL: 37
SP: -116
EM: 10
CS: 0.2702702702702703
QTY: 3
#
TTTATAC-TAGCTATTGACCACGAGGGGATG------
TACGT-CGTATGGACGCATCACGATCG-ATAC-----
--GGTGC-T--C-ACCAATCAAGCTTGCA-AGTTGTC

