NO: test0
AL: 36
SP: -1456
EM: 0
CS: 0.0
QTY: 6
#
TTAGGATGACAAGCTGACATATGCACAGAT------
TGCCCTTTGTA-CCACGGATGACTCTCTAGT-----
GGTTAGATTGT-TGCTCCAACCGGGTCGTTT-----
GT-GACGA---T--TAGAGCCCCGCGTACGACTCCG
AACGACGGGGCTGAAGTTACGATCATCGAC------
--AC-A-ATAT-CTCCAATTCTGCCCCCCCGAGAT-

NO: test1
AL: 36
SP: -1224
EM: 0
CS: 0.0
QTY: 6
#
ATTAAGAAAAAG-TACTTTTGTAACGCTGTA-----
TTACCAGGAGTC-ACAGCTTTTCAGACACGG-----
TT-TGCTCAAAACACTTGCCTCGCAGTTG-CT----
AG-ACGGA-GT-GCC-TCCTTAGCTATGATAGTA--
CT-AAGTCAACT-CCGGAATGTACACTGTATG----
-TTTA---ATTCCTCAGTA-CCAACCATT-TATCAC

NO: test2
AL: 34
SP: -1320
EM: 0
CS: 0.0
QTY: 6
#
GACCTCCTTAATCTATGGAGGAACCACTA-T---
TAGCAATGTGACTGACCAGTCGACTCTCCC----
AGAAG-ACATAATGCATAGCTTCCATGACTG---
GTGGGGGACCGGCG-C-ACCAAAGCTCCTAAG--
TATGTAACGGTGAATACCATTTTTTCCGCG----
--AACAATGTTGCTCTTCT-TTATTGCGA-TTGA

NO: test3
AL: 32
SP: -1144
EM: 0
CS: 0.0
QTY: 6
#
CATGGACAGAATACCCTGGGCCGATTCGCG--
GCCAGACTGGGCCTGACCTTACTTGCAGG-G-
AGCT-TGA-CCTTCAGGAAAAACTCCCAATTA
AGGGTCAGGCATAGTGAGGATTGTCGACT-A-
GCAGAAATAAGGCGAGTACGACAATAGAC-G-
AAGGTTCCAGTACTTTCGCGGCTTCGCTT--A

NO: test4
AL: 32
SP: -984
EM: 0
CS: 0.0
QTY: 6
#
TTTGCATCCAATAGGACAGCGCCCAACCGG--
ACATTAGTTTCCTGACAAAAACGCAGTCGA--
CGTACCCGGAGATCCACTATACACAAC-AGC-
GCTTTTGG-T-ACTGGTACGGCACTTACACCT
GTGTCAGCTATATCTCTAGGGGCGAAGTAG--
G-GTTACAGCCACAAAACAGTTATGCT-TAAC

NO: test5
AL: 32
SP: -1136
EM: 0
CS: 0.0
QTY: 6
#
CAGCGCCGGGAATCAGGTCTATATCCTCAG--
TTTACTGAAATGTGGCGTGACAGCTAGTTA--
CACG-TTCGGTACAACGAGGGACCCTGCCTT-
TCCCATG-CCTTTG-GAAACTGGCAATGCAGC
CTCCGCATATAATCTACATTTCTCCCAGGT--
AAGGT-GACTAAGTGTACTGCCCAATTCCCA-

NO: test6
AL: 33
SP: -1196
EM: 0
CS: 0.0
QTY: 6
#
GCAAATATAAGAGTGTCTGAATCTCCTGT-G--
GAGTACCAGT-ACCGTAGTTCTACCAGCGAG--
GAGCTATGAA-TTACACCAATCGGTAGCTT-T-
TAGGGAG-C-GTGTACGGCAAACAATGCGC-CG
ACCTGGTTTCATCGTGCCATAATGGTTTAG---
TGCTTACGTAGACAGCCAAAGCGAGCGAG-C--

NO: test7
AL: 34
SP: -1168
EM: 0
CS: 0.0
QTY: 6
#
GATATTCGTTAG-GACCGCATCGGCCGTTCC---
AAACAGAACCTGCAATCCCTAGTTGGTCCT----
AGGTAGCACC---G-GTTAGTGAAGAAGTTTGTG
TAGAATC--CGG-CGCT-CTGGATAGCAGACTGT
AAACTTCGTAGC-CACACGTGAAGCACGGAA---
C-TT-ACAGAACGC-AACTATAATGTGAAACCC-

NO: test8
AL: 33
SP: -1060
EM: 0
CS: 0.0
QTY: 6
#
AGGCGTAGAATGGAGACTCGGTCTTCACG-T--
GCCGGCCATATGGGCCTGATAATCCGTGAT---
CCCGC-TAGTTTTAAGACAGAATCAGTACGT--
AACGAATGAAA-GATAAACTTGCGTATGG-TA-
CAGTTTCGGGTTGACTTCAACTTCCGCGC-G--
C-GTGCGG-CCGCTGCTACCTGTGCCTAT-GTA

NO: test9
AL: 33
SP: -1268
EM: 0
CS: 0.0
QTY: 6
#
GAGTAGAAAGTGCGGGCGCCTTATCTTGAC---
AGCGTGGTTTAGGCAGGATGCAACCCGGGC---
TAT-T-TCTT-AGAATAGTTGCGTTAACTTCGG
GGATATCGTAC--CC-GCGTTCCCTCCGAACAG
CTACGTCCACCTCTGAATCCCGCAGGCTTC---
-C-GTGGCCAGATACGCCAGGCCTTCCCTACA-

NO: test10
AL: 33
SP: -1068
EM: 0
CS: 0.0
QTY: 6
#
TCAGTCACCACATCTCGGAGTGAGATCCCT---
TAATTATATCGTCCGCTGGCTGTCCGACAT---
CTGTATAAT---GGGGAGGACTCTCCAACCCTT
TACCTA-GTGCC-T-TTGAAGGCTGGAGCTATG
GAGGTACGGAGATCTACAGAAAGCCTCAAC---
GCCT-CTATTCAC-TTACTTTGTGGTGGCGGT-

NO: test11
AL: 33
SP: -1116
EM: 0
CS: 0.0
QTY: 6
#
CGTAAAACTGCCATTTTCGCATCAATCTGT---
GCTTATAGGACGCTGTCTGTTCGGTGTAAC---
GAAGTCAATGTAGTCTCCCCTTAAAAG-GGA--
ACTGGTGA-AGCAGTCTAGAGATAATGATTA--
GATCAGGAGGTGGGAGGGTTCCCATTCCCG---
A-TGACTTTCACTGAA-ACAGACTACG-ATTGA

NO: test12
AL: 34
SP: -1144
EM: 0
CS: 0.0
QTY: 6
#
GTAAAAGAATACGCAAGGTAAGCGCCCTAC----
GTACGTGCTGAC-C-CACTTGGGGATTCGTAC--
TATA-AAATACG-GCGGTAGATGTTATGACGT--
CCCGAACAACTCGC-CGCGAGCATGAACGCC---
AGCCTGCGAGTGTG-CTCCCTGGGGATGGCA---
-G-CCCCATACC--CCTCTAAATTCCGCATTACA

NO: test13
AL: 33
SP: -988
EM: 1
CS: 0.030303030303030304
QTY: 6
#
GAGGGGGATAACACTATACTTCTCCACAT-G--
TCGTGGGTCAGGTCTGCTTTAGAGCACCTT---
GCCC-GGAACATTGAAAATTTCGTTCCCTTT--
TTTGTTT-GTTTT-GGTCGTGTACCCACTATG-
CGACTATTTATGCCTTAGCTACTCGTGCGG---
-C-TACGACTGTTGTAATGTTCGTACTAC-ATG

NO: test14
AL: 32
SP: -1088
EM: 0
CS: 0.0
QTY: 6
#
ACTGTGAAGCCGATTTCAAGAAGCTTTCGT--
TCTTGGTGCAATCGATCGCTGCGAGGCGCT--
ACCTA-CA-GCCCAGCTCCCTTGCATTAAGGA
GCCCTTCGTC-CAA-GCAAGGTAGTAATAACA
TTCTGCGCTTCATTTTGGCATGACACGGAA--
GT-CGAGGACGCCGCACACAAGATTATTGAC-

NO: test15
AL: 31
SP: -956
EM: 0
CS: 0.0
QTY: 6
#
TACTCGGACACGGCGCTCAGGTTTGACGCA-
GACGAGAAAACTGTGAAATCTCAAGTATAA-
GAAGAATGGG-GATTTTACACAAGCTTCCAT
GGAATGTTACCCCA-TCACGGGTATGAGGCC
GCTTCACGCCACTTTTGGCCGGAGGGATCC-
GAGTGGGAATGTAGCCCGTCTAAACCAAAT-

NO: test16
AL: 32
SP: -1072
EM: 0
CS: 0.0
QTY: 6
#
CTGGAGAGAAGTTTTCCCTAATCGTTGGAA--
TGCGCGCGGTTCTTTAGGCCTTAGGCCAAC--
CACTGCCTACCACGACGAGTCCTTAAGTAA--
TA-GAGC-TGCACCTAGCGGCGTAGCATTCAA
TCATAATCTATAGGGACACGGGGAGGAAGT--
ACGG-AGCACTTGGCAAACACGCGGGTGGCT-

NO: test17
AL: 36
SP: -1312
EM: 0
CS: 0.0
QTY: 6
#
TTATCGGACAGTGGGAATGTGTACAGAGGT------
TGGCCCGAACACGCGATCACTCTGAT-GGTT-----
CCC-CATACTTGCAGCGTGGTAAACCC-GCGA----
GCTCTGG--ACCTTCGTCA-CGATTA-TCTCGGG--
TCTCCGTAAAAGGTCCGATTGCGTAGATCG------
CG-TCCGGCT-GA-A-CGAACCGGCT--GGGACACA

NO: test18
AL: 35
SP: -1308
EM: 0
CS: 0.0
QTY: 6
#
CCAGATGGCATTCGACCCTGTATTATGGAT-----
AAAACCGTGTAGATTCCAAAGGTGCTCACA-----
ACCCACAGCCATAAAGCAGACATTTTA-GGC----
GAT-GCGAAA-CCG-TCTCTGTTCGTCTGGTCG--
TTTCCCATTGGACCTAGCCCATCAGGGTGC-----
---AA-ACTGATTGAATATATGACCTA-CTTATGT

NO: test19
AL: 33
SP: -1196
EM: 0
CS: 0.0
QTY: 6
#
TGTGTATTCGTTTGTAGGTTACTTCATTGG---
CCCCTCCATTCAGTCTAAAATGAAAAGAT-T--
TGTACCTGCGCATAGCCGTGGAGACAC-GTT--
ATTTCGT-GCAAGGGCTTGTTTATTTTGT-AG-
CCGTCAGGTAGGGGAGCACTGATGATGGC-C--
-ATCTACATCT-GCTGTCTTACGGGTGTC-TGT

NO: test20
AL: 31
SP: -980
EM: 0
CS: 0.0
QTY: 6
#
TGATTACCACCGGCTCCACGGGTCAATTT-G
CCCCGAGAGATTATTTCCGTCCGAGCTAAC-
TAGAGCCCCCTGCTTCGAATCATCGTCAGA-
ACTTAGCGATCGCCGTGCCCACGCACTCC-G
TTGCAAGGTGAGACACCCGGCAAGTTGGA-T
TAAATGTACGCTGGTTTGTTATGGGTTGC-G

NO: test21
AL: 34
SP: -1224
EM: 0
CS: 0.0
QTY: 6
#
GCGGGTGATCTAGAAAATACGTATGTCA-CG---
TCCAACGCATAGTCGCTCCCGCGAAGCGTG----
TC-GC-G-TACTAGGAAAGATGGAGTAGTGAGA-
GCCGCGTAGGTA-TTGTCATGGTATGAT-T-AG-
TTTAGAGTGTACGATGTACGGTGGACGA-C-T--
CCCAATCCT-G-TTACGCGTCTTGGCGC-G-GTG

NO: test22
AL: 33
SP: -996
EM: 0
CS: 0.0
QTY: 6
#
CGCATCGACTCACACACTTCTTTTATTTG-T--
CCTTTGTATTAGCCTCGAGACCGTGTTGAT---
CTTTC-AAGCAGTCTCGGGCCCATACCTGGT--
GACC-CACTC-AGCCACCCTAGCTATGTC-ATG
GGTCCAGAGTCTTAGATCTGAGGTCTATC-G--
TGGCAACAGTGGGGGTGCTACTGGACGAC-T--

NO: test23
AL: 32
SP: -1048
EM: 0
CS: 0.0
QTY: 6
#
AAGCGTCTACGTCTCATTCGTCCTGGCGTG--
TGTGGTCCGGGTGGGCGACGCACTCAGCA-C-
GGCTTTTCTAAATTTACCCGACCTGAT-AAA-
GCAACGTAGCACCACATTGTTTGTCTG-G-AT
CCAAGTGTTCGGTGGTTGGGCGCACTCTG-T-
GCGTAGATTTAGATCTAGGATGCGTGAGT--A

NO: test24
AL: 39
SP: -1692
EM: 0
CS: 0.0
QTY: 6
#
GACTATGGCTA-AATAGACTAGAGGGTTGCT--------
AAGCAAAGGGCGGTTTATTGTCGGGGGCGA---------
CTAT--AT-A------GCGACTAAGCGGCGCAACTATTC
TTA-GC-TCCTCTCAT-G--GCTCGGTAAGTTCTT----
GAGAGTTGTATCTGATAAACGTTCACAGTC---------
--TTAAAAACC-CAT--ATAACATATAATAAAGGA----

NO: test25
AL: 33
SP: -1052
EM: 0
CS: 0.0
QTY: 6
#
ATTCTTACAAA-GAGACCGACTGCGGCATCA--
CCTCGTGGCATTTCCGCCCAGTAAAATGTA---
TTCCCA-CAAT-TGTCGCGTTACGAGATGTGT-
GATCCTGGGTT--GT-TAGTTTGGTGTTCGCTG
CGGATCTACAC-TGGTGCGTCTCTCCGCAGC--
GT-CGCAGGT-AAG-TAAGTTCACTTGGCTATG

NO: test26
AL: 33
SP: -1044
EM: 0
CS: 0.0
QTY: 6
#
GATTAACCACCACCGACCTTGTAGACCCGA---
ATGCGGATCCGACAGATCTTTTGAGGCAGG---
GAGA-G-TC-TCGCAGCGCGTCTAAATCAACCA
CTCTAG-GATT-TT-GACCTGTCTGCAACGAGG
GTCATC-CAGTTCAATACCGTAGAATTACCC--
-TCCGCTGCCACAACAGCCCATCGTTGACGA--

NO: test27
AL: 33
SP: -940
EM: 0
CS: 0.0
QTY: 6
#
GGCAATAGACC-CTTGGTGGGACGCACTCTT--
TCGTAGGATTCCCCTCCTAGCGTCTCACGG---
GGTCCTGC--C-TTTCGGGCTACCCACGTTTAT
G-TTACGTGGC-GTAGGTACGTTGCAGCGGAA-
CAGTAGCGTTA-CTTCAGAGTTTCGGATATT--
-AATAGCTT-TTCTATAGGTAGATGTCTGAAC-

NO: test28
AL: 37
SP: -1388
EM: 0
CS: 0.0
QTY: 6
#
CCACATGGGTCCCCTA-CCCGAGAAATAGAG------
ATC--TTTTAGTGGCGAACGGAAAGGTGTGGA-----
ACT--TGT--GGCACC-C-CGTCTTGGCCG-AAATCG
G-CTT--ACG--TTGA-GCGAGAACAAACC-AGAGTT
ATTCCGTATG-CGCCA-CGGGTGCCGCGAAGC-----
CTC--GTTTGTCCCG-G-A-CGTGGACGAATACCG--

NO: test29
AL: 34
SP: -1216
EM: 0
CS: 0.0
QTY: 6
#
CATTCGACCTTCCGCGCATATACGCCCGT-T---
AAATATGTGCCAGAGAGGATTCGTGAG-AGG---
AACCCACCCGTGTGTCCTCATTCTACATTA----
ATCAAAT-CCTTAGAGCAACACAAAAA-C-GAT-
GGCAACCACGCGACGCAATCACGCTTT-A-GG--
ACGGAC-CCGGTT-TGGTCACTCAGCG-G-GTGT

NO: test30
AL: 34
SP: -1264
EM: 0
CS: 0.0
QTY: 6
#
TGCTTACTTTTCCCCATGCATGTGGGGCAC----
TCAGAGCTACGTG-GCAGTATCAATGTAATC---
CCATTTTAAT--T-TGAATTTCGTGCACAGGAA-
ATCATA-ACACG-GACCAGTTAGGGGCCGGGC--
TAGTTTGCGCGCATCAGTCACCTCGACTTT----
ATTA-TGGGTGAC---TTAGTACGCTCCTAGTTT

NO: test31
AL: 36
SP: -1392
EM: 0
CS: 0.0
QTY: 6
#
AGCTGTGAGGGGCTATCTACAAAGACCAGC------
TTCCGTCGTAAATGAAACGAGACCATTACC------
CTTATTATGTGTTGGACACAGTGCTGTC-AG-----
TCAA----T-CCC-CCCAGTTTTCGACAATAGACTT
CCGACTTATCCCAATATCGAGTTTTGCTAC------
---TTCCTGTGCTAACTGTGGGTTTTTT-GTCCT--

NO: test32
AL: 32
SP: -976
EM: 0
CS: 0.0
QTY: 6
#
CGCCTAATATTACGGGCCAGGGGACTTCGT--
CACAAATATAATGTGCGCTGCCATCGTCGT--
G-TA-GCAGTGCATTTATCAACCTATTTTCTA
CG-ACGGA-GTATTATACGTTGAAAATTTCTC
GGTCTGGAATCCCGACGAGGCCGTCACCCC--
TCGAGGTACAGCCTAGGGC-AAGAGTGACAG-

NO: test33
AL: 34
SP: -1160
EM: 0
CS: 0.0
QTY: 6
#
CGTCGGGC--CAAGTTCGGAGGTGTCGTCCGT--
GAGCTC-C--GAAATGTGAAGAACCCGTCACCG-
ATGGTCT-GG--A-AGCCACGGAATCGGACAGCG
-CAGTACCTTTCCGCGGTAGTAACGACTTCA---
ATATGA-T--CCCGTCTATCGAAGCTTCCCGCC-
GGTCAGGGTACTAGACTAGGACCTTGCTGT----

NO: test34
AL: 33
SP: -1108
EM: 0
CS: 0.0
QTY: 6
#
TCCGACAATTTAACAATCGCAGAATCGTAA---
GTTGGTGATTGTGACCCGCAAGGGCCCCAG---
TGCACGGGATCTACCTAATGTAATACCCG-T--
T-CTCGAGCG-GGA-CGCGCTTTGGATAGTAGA
GTAACGTCAATCGCTTCGTCCAGCTAGCTG---
AGTGGCACGACCGCTCCACCTAGTAAACGC---

NO: test35
AL: 33
SP: -1196
EM: 0
CS: 0.0
QTY: 6
#
CACTGACATCTATACGAATTTGTGTAGATG---
TTACAAGCGTTTGGGAGGGCTTGCTCTTTC---
ACCTGTATACCCAGGTTACTGTCCTATGT-C--
CAAGGAAGGGAAGCCCCTCAATGGAGGTT-A--
AATCCCCGCATCAGTATGGTCTAGGCTAG-T--
G-A-CCATCTC-CGTAGCTACGGACGCTAGATT

NO: test36
AL: 32
SP: -1120
EM: 0
CS: 0.0
QTY: 6
#
CTCCATG-ACGTTTCTATGACTCTGGGAGCA-
ACCAAGGGATAGCACCCGGCAGAAATACTG--
ATGA-CATATTCGCGAGAGTGCGCCTTTCCA-
CTG-TCGGACCAATC-TTCTCTTACCTCTCGT
AGTACCCAAATGCCTAGTAATGCTAACACG--
-CTTC-TCCCATCGCTTAGGGGAAAAGGACCC

NO: test37
AL: 32
SP: -1008
EM: 0
CS: 0.0
QTY: 6
#
TAGATTAGAACGGACGAAATTGCACCAAC-G-
ATAGGGATTCGAATGATTGAAACAAAACGA--
CCATTCA-GACCAGTCGCTGGGCAAGAGTTA-
T-GCTAGAT-GGACTTTTCTAGCAGATAGTTG
GGTGTCGGAGTCACGTGCTAGCGTACTGCA--
CAAAGCAAGTGGA-GGAAACTGTCACTGT-GC

NO: test38
AL: 33
SP: -1108
EM: 0
CS: 0.0
QTY: 6
#
CACCGATAGTACCATGGTTGCCTAGTGATG---
GGAAT-TAGACTAGGAACCTTAATGGACCTC--
GTGC-TAACCCG-C-GAAGGAGGTGAGAGCATC
GTGCATTT-TA-AGCCATGGAAAGCGCCTCCT-
CCCAC-TGGTTGAGGCCTCATTCACTCAAAA--
G--TTGGATTTAGTATGTCACTTTTACACCAT-

NO: test39
AL: 33
SP: -1172
EM: 0
CS: 0.0
QTY: 6
#
ATCGGGGGGCAAATAGTCACCTTAGAAACC---
AACACTGGTTAGTCGTCCCTGAGAAGAAGA---
AAAG-CCAT-CAGTCAGACCTCACTGGCTACG-
TTCATTT-CGGGAGTCAGGACCCCGTGACGG--
TAGCTTT-CGCTATGTGTGGACCTAACCTCG--
-A-ATA-GTAGTTCGTTAGATACTAACGTCAGC

NO: test40
AL: 32
SP: -1192
EM: 0
CS: 0.0
QTY: 6
#
GGGGGCCAATGGGGTACGAAGCTATGTCTG--
AAGAGGCCATCTTGACACTTAACACAATCC--
CAATTGCCGATGCGGCCCGCGGAGACCTG-G-
CTCCTG-TCCCGTCCTTATAGGTGGCTAG-CT
GCTCCGACAAGGGCAAAAAGAAGACGACT-T-
TCCTCTAAG-T-ACTATAATCTCCGTCGCAAC

NO: test41
AL: 33
SP: -1028
EM: 0
CS: 0.0
QTY: 6
#
CAATGACCGGTGGAACTACCTCCCTAAGGC---
AGAAGACGTGTGATTTGTAAATCACTGATG---
CC-TGATGTGACTCTATGTCATCGGACA-CCT-
TCCTT-GC-TCATACTGGTCCACGCGGC-AGGC
ACGCAAAAGGTTCCTAGTAGCATATGCA-GA--
-GCCCT-GT-TAACCGTGTCGTCTTGAATGAGC

NO: test42
AL: 32
SP: -1040
EM: 0
CS: 0.0
QTY: 6
#
GAATCGCAGGAATAAAATAAGAAATGGAAC--
TCCCTACCTCGACGGTGTATACGAAGCGGG--
GAATGTTTAAAGTTGCACTATTCTTT-AGAC-
AACGTA-GCCCCAA-TACATAATCCTGTAAAG
ACGTGGGACCTCGAGTATCCCCTCCCTTGC--
TCCCCATGCGGGTAGC-AAACAACTC-GTCGT

NO: test43
AL: 34
SP: -1216
EM: 0
CS: 0.0
QTY: 6
#
AATCCACAGTTAGT-CGTCGATGCAGCGGCG---
CCGAGTACAGGATTTCGAAAGCGAGCCACC----
ATTGATGGTAGTTCTAAGACTTCACATATC----
CGATTC--TACCTTGGGTCCCTGGATCGGCGA--
TAGCCTCCAAACCAGCTAGCGAAGACACAA----
CG-G-TTATTTT-AAGCTTGCA-AAACGCCACTC

NO: test44
AL: 34
SP: -1080
EM: 0
CS: 0.0
QTY: 6
#
AGAGTACGCCGGCTAGTTAGTTTAGTCGTC----
ACCTTGCGTATATTAAAGCATTTATATTCG----
TCGATTCCG-TCGTTGGGGTTAACCTTTCGC---
GCCGC-GT-CAGTG--TGACGGAAGTGTTAAGCC
CGTGTCTCGCATCTGCTTACATAGCTTGTT----
CGAGTCTCGTGAT-TGCTC-GGTAAGGGGCTG--

NO: test45
AL: 35
SP: -1148
EM: 0
CS: 0.0
QTY: 6
#
GGACATACTTCTGTAATATGTTGGATTCTG-----
GGTACTTCACCAATTTAACGCGTAGTTGA-T----
GAACTGGCACGAGAGACTTACAGGCCTATT-----
AATGTT-CCC-GAC-T-TAAGCCGAGCTA-GTTAC
GGGAGTTATAGTCCGTGCGTACCATCCGC-C----
GG-ATTGGTTGAAACTCGTCCTTGCTTGC-CT---

NO: test46
AL: 35
SP: -1260
EM: 0
CS: 0.0
QTY: 6
#
GGAGTGCCTTTGATCGGTGATGATACGGTA-----
ATTATGTGAAACAGCGCTTTATAGCCGTGT-----
GA-C---GGTGC-CCCCGTGCGACGTCAACCCTTC
GCGAGAGGGCAACCTCA-GGAGTCCTAGGCG----
GACAGTGCGGACACAAGTTACAGCGTGGGG-----
--GCACTTCTCGACTCTAATGTCACTCGCTTC---

NO: test47
AL: 33
SP: -1108
EM: 0
CS: 0.0
QTY: 6
#
GAAGAGCC-ATAATTTGGACTGGCAACAGTC--
TCGAGATC-ACATTACGCAAGAAACTCCAG-C-
GGAT-CGTTCAAG-CCAGGGGAAACCCTTAGC-
TTGAGGAGAGGT-CTCG-AGTACTGTGTCG-TA
CGCAAGTG-CATTTGGTCTGCAGAATACAC-A-
CTGGTAGTCCAAA-TCGCCTTA-CCATAGA-AA

NO: test48
AL: 34
SP: -1216
EM: 0
CS: 0.0
QTY: 6
#
AACGCGTTTCGCCTGATCATGACGCAAAGG----
TCGGTATGTCAGACCGCCCCACTGACAAAA----
CTAA-GTCTTGGGAATCATACGGGATCCCTT---
AACACA-C-CA-CA-CAGAACCTGCGCGCTCCAT
AGCATACAATGCGTTGATATCTGGGTACTT----
-T-TTCATCCTCCTCAGGCGCTTCTTTTTCTA--

NO: test49
AL: 35
SP: -900
EM: 0
CS: 0.0
QTY: 6
#
CATAGGGTGGTTACCATTAGTACACAAAAG-----
TCGCCGTAACCCTAGAACTCGCCGGCTATG-----
AGAA-GGTGATCAATAGGTATTAGTCGA--CAG--
CGG-CCAA-AT-TG-A-TTCCGCTAGGATGAGTGT
AGTACCAAGATCTATGCGATCGCATATAAG-----
AG-ACCTCGATCA-GAC-TGTAAAAAGG-GATTG-

