Dataset name: test0
SP: -216
Alignment:
CCGCACTCCTGTACTCCATCCAATGATTAC
AACTAAGTCCTAGCCCATGCGTCGGAGTAG
CGTTCGTAAAGCTAGAACCGTAGGTTGCCG

Dataset name: test1
SP: -228
Alignment:
GCCCTTCACTGGATGCATGTATCGGGA-TCT----
ACCCAACGGAGGTCGTGCAAGTACTCT-CA----C
T-TGTACATAAATTTACTGTGGTG-GGGTAGG---

Dataset name: test2
SP: -132
Alignment:
AGATGCCCGACATACA-AAATAGCATGATCT
ACGGCGACCTATTTCT-GAACAACAACTGTT
A-CACA-ACAAGC-CTACCCGAATAACTTAT

Dataset name: test3
SP: -224
Alignment:
AATAGGACCACGCATTTAATATATATGCTC
GAGTCAGCTACTTGAAAACGCCTAGGGAGA
TTCGTTGTTAACTTCAGCTAAAGCAAGAAT

Dataset name: test4
SP: -168
Alignment:
CGCCACATCGCTTCACCCCTAAACTTGTAC
AACACGAGTATGTGCAAACGACAACCCAAA
GAGTGATTGGTAGTGAAATGACGTACGTAC

Dataset name: test5
SP: -104
Alignment:
AGTCTCGACGCGACCACCGATTATGACATT
CCTTTGGCCATCAGGAAAGTAGGCCGCATA
TGTACCGTATCCGGCAGCGCAGATCCCCCG

Dataset name: test6
SP: -216
Alignment:
AGTAAAACGTAGTTATGCAGCTTAATAAAT
CCAAACATAGTCCAGGCGGTTAGAGTGGCC
AAGAGGTTTTGCCCACCTTATGACACCGAG

Dataset name: test7
SP: -244
Alignment:
AAATATTGCGACCATACTGACATACACCAC-
CTTTCCGCATAACCGTA-TACGCATTGACGT
GCGGCACCTAGGGGAAACGCGAGAAT--GGG

Dataset name: test8
SP: -240
Alignment:
ACTGATTTGGGGCGCTGAATACGCTCCCGA
TTTATAGTCATTGGCGTAGGCGCTAATGTC
CTGGTGGTTTCCG-T-CGTTTTTGCCAAAC

Dataset name: test9
SP: -168
Alignment:
GTGGCAAACCGGCTACGTACTCCATTTTTC
AACCGTCTTTACCGCGCTTCTGGTGGGTTC
GCGAGTGAGAGCGTACTCGCGGCCCGCGCC

Dataset name: test10
SP: -220
Alignment:
GGCTAAATCGAGATTATGCA--GTT-TCTTG-AT-
ACCGAGGAACAAATACGCTG--TGGG-GT-C-AAC
AC-GAATGCCATAGCCTC-CGCC-C-TGG-T-GGC

Dataset name: test11
SP: -184
Alignment:
AGTGTTGCCGGGGCACCGTGGACCTTTCCA
AGTAGCTACCGCCTGGTTAACTCTAATGAC
TGCTCAACCCGTCGATAACTGCAGAACCGA

Dataset name: test12
SP: -184
Alignment:
TTGTTCTGCCACAGTTAGGATCGTAGGTAG
CTTTTTACGACTGGATCTCTCAGCTCTAAG
AACGCTTGCCCGGGGAGCCAAGTCAACTCC

Dataset name: test13
SP: -204
Alignment:
TACACGGCTCCCGAGGTCAGAGGCGGTGGT-
ACGGCCTGTACGCACATTATGCCGGG-ATAG
AGTCACACTTACACATAAGCCCACCGAATA-

Dataset name: test14
SP: -232
Alignment:
ATCACTCATCTAGCAACGATCGGTTCCTTA
CTGGTGCTGTAATTTTATTTTTCACCG-GG
GGTCGTGCCGTCTCGGATTAATTGAGCAGG

Dataset name: test15
SP: -240
Alignment:
GTCCAGATCTGACAAGTAACAGTGATTGGT
TGTGATCAATCCTTGCCACGCCTACGCCGA
CGCATTGCACTTAGTGGCGAGTCCACGGGT

Dataset name: test16
SP: -184
Alignment:
CCTCCTGATACTAGTATTGACTTTTGCAGA
GAACGTGGTTCCGGGTGTTTGCAGCGACTG
CCCAAGTGGCAAATGTAGGGGCTTTCATAA

Dataset name: test17
SP: -184
Alignment:
TTATCCGCAAGCCGCTCGGTTCGGAGACCC
TAGCATAAAGCACTTAAGTGTCCCTAAAGA
ACGCGTAAGCACGTCGCTGTCTCCGGCTTA

Dataset name: test18
SP: -180
Alignment:
ACTTCGGGAGGGGTAGGGTAGCAGAGAGAC---
ATAGAACTGGTGTATTGCAAGGACAGTGAT---
AGTGGGGGGTAACT-TTAATG-TTGCTTA-AGG

Dataset name: test19
SP: -200
Alignment:
CGCGTAGTCACAGAAGTTAATCAAACCGCT
TACTTTATGATTTCCACGGCATCAGCAAAA
GTGACACTGCAGAAACGAGACACATGGGAA

Dataset name: test20
SP: -176
Alignment:
GCTTTACCGCACATTGTGTCATAGGTCGTT--
AGGACTAAACCAACTAACCTTCGCGTA-TGA-
GAACGCGGA-CAACCACCCTCCACGAC-TTCC

Dataset name: test21
SP: -228
Alignment:
CGAATGATACTCCACGCAAGCCACCGTGCA-
TCAACCTAACCTTGTCTGCTCCAGCA-AGAG
ATGCGCAGATACGACTTTGATATTTGGTAC-

Dataset name: test22
SP: -216
Alignment:
CATTCTAGTAGCTTAACTTATCATTCGATT
TTGGGGTTCCCGCGGATGCGAACCATCGCT
CAATATTTGTGCCCGGGAGAGTGTACAATG

Dataset name: test23
SP: -176
Alignment:
AACGAGTTCCCAAGAAGCGCAAGGGGCGCG
ATCATCATAATTCATGTTGCGTAAAAGATG
TACCTATGAA-GAACCTATCAAATCG-A-A

Dataset name: test24
SP: -204
Alignment:
GCGCCTGTTGACAGACAGATTCCGCCCGAC-
GTTCGAGTGCAATATGGAAATATTTTA-GCC
TTTTTGAATCTCATAGGTCTCCGAGTGTAG-

Dataset name: test25
SP: -176
Alignment:
AACCTGGTCATGTCATCGCGCCTTGGCATC
GGGGCTATTGTTAGAAACTCAGCGCGCCAT
G-GAAGACAATGATTAAACCTGCGGAG-GC

Dataset name: test26
SP: -232
Alignment:
AGGAGGGTTACTGACGAGAGGTAGTGAGAG
TTAAACTTGGGAGCGGCTTTCACCTAAGCC
TCGTTATGCCATCTTTTCATTATGGTCTTC

Dataset name: test27
SP: -204
Alignment:
GCACAGACCACCCCACAGCTCAAGGTAATT-
GACGATGGATTACTCCCTCATCAGTC-AGAT
AGTACGC-ACCACTAATTGACTTACCG-AAC

Dataset name: test28
SP: -192
Alignment:
CACTCTTCCCATGCAACACC-AGCAGGCCAA-
ACATACTGGATGTCTAC-AG-CCATGAATCGA
CTCCGTGGGATGATA-TGAGCGGCGGG--ATA

Dataset name: test29
SP: -200
Alignment:
CTTGAATATGCCGCTCATCGGCATGAGGTT
GCGCGCTTGCTCGGCGACCTCTGTACCTCA
CGCTCTTGGTTGACAGTGGCCCCGAACTCG

Dataset name: test30
SP: -144
Alignment:
ACGGACAAAAGACTGGTCATAGGCAATACT
ACGTTTTATTGTTGGCTAATCGGAACTATT
TATAACCGAAGCAGGTGTGGTTCTACAGGG

Dataset name: test31
SP: -240
Alignment:
GCCAGTGCACCACGCATATAGGTCGCGGAA
AGACCCCAGTTCACATCCCAAAATTCACCA
GAGGATATTCAGATCCT-CC-ATCCAGACT

Dataset name: test32
SP: -340
Alignment:
AATTTTCGTGCAT-T-GCGGA-AGCTA-GC---GACC--
GAAATATTAGCGGATCTTTA--CT-CT-AC----A-TCC
TCCCGCGCG--AA-CAA--GAGGACCAG-CCA--T-C-G

Dataset name: test33
SP: -144
Alignment:
GAAGTGTGTCTTACTACAAAATGTCACCGG
TAACAATATCGGCTTTCACCAATCGAGCGG
AGTGAAGGCGGCTCCTTAAATAAGCGCACA

Dataset name: test34
SP: -168
Alignment:
CACTTGGTTTGTATTAAGGGGTGATTACGT--
AGCCGGGCTGGACTCATAGCGCGCAACATA--
CCTGAAGCATCACT--TTGTCTGGACGGTGCG

Dataset name: test35
SP: -128
Alignment:
AGTGCGGGATACACGTAAGCTGTTCGCGTC
AGCGTTACAACTCCTGGACATTGGTACTTG
TGGATCGTTTTACCCCGACCGTCCCAAGTG

Dataset name: test36
SP: -136
Alignment:
GTACGATAGAATACATTAAGCCTACGCCAT
TTATCATAGGAGGTCTCACGCCGTATGCTT
TCAGGTATTATGGGCCGAGCGAGACCGTGG

Dataset name: test37
SP: -120
Alignment:
TACAGAAACCGTTATAGTAACTAGAGACGT
TGAGGCGACTGTAGTTGGAGTAGATGAGCG
TACGCCGCTACAAATTCACACATTAGGTTT

Dataset name: test38
SP: -232
Alignment:
AAATCAGAGGCAATGGTTATCACCATAAGT
TGTGAGAATTACCATACGTGATTTGGAGTT
CATCGTTTCAAATACCTCACTTAGCTAATC

Dataset name: test39
SP: -152
Alignment:
AGCGACTGCTTTCCCTAACCCACCCGTAAC
ATGTGGCTCTAGTTACATACCCTGGTACAC
TGCTCGTACAAGAAAGTCGCACGGAAACGC

Dataset name: test40
SP: -120
Alignment:
AGAAGATACATGTCGCAACTAACCTTTACT
TCGAGTCGCGTTGGGCGCTTTAAGAATGCT
AAGAGAACTAGCCTGTACATTCGAAGTGAA

Dataset name: test41
SP: -208
Alignment:
TTCTCGCGCCGTCTATCGTCGCTTCACGAA
ACATACGGCGCATTGACCCAGTTAACAAAG
CGACCAAATCGCACATCAGAAAGCTCCCCC

Dataset name: test42
SP: -136
Alignment:
GTGGACAAGGCACGGGCAGATTCGCAGTGA
TCCTCCCAGATGCTTGTATATGGTAGGAAC
CCGGTCCACTGGGGGTATCACTCCAATTAG

Dataset name: test43
SP: -200
Alignment:
GTGTCGATTTAATAGAGGACCTCAGGCGTA
TGGTAACACGGCTCCAATGGAGCAGAGTGA
CCAATCGCAGTTGAGTGGCCTTACGGTTTT

Dataset name: test44
SP: -152
Alignment:
ACCAGATAGATGTCTGCAGTGAGATTCCTG
GAGTGCGCGATGGGGGTGCGCGAGTAGTAG
CGTACCAGTCGGTGCGCGGCGATGTATTGT

Dataset name: test45
SP: -144
Alignment:
GGGGTGATCGCAAGGCTTCGTAGATTGATC
GGCTAAGAGGCAATTACGAGTGCTCGTTAC
CGGAAGTTGCTCCCCTGGGGTCAAGTAAAC

Dataset name: test46
SP: -156
Alignment:
TGACACCT-TGATTCGGAGCGATGCAGCGCG
ATGAGGTAGTGTCTTGGATCTGACTACCAC-
TACTCCGTAACATATGGTACTGTTATAACC-

Dataset name: test47
SP: -168
Alignment:
TTTTTTGCATTGGCTATTACAGCTAACACC
GTAGGCCTTGACGGTGTTATCAGGGACACG
CGTCATAGGCGGGCCGAGTGCTCCTCTACG

Dataset name: test48
SP: -152
Alignment:
CTGAGATGGATACGCACCGCGGCAGGACCT
AATGAAGGCCATCTTCTTGAAGCCATTCAG
CTTGGACTGCTCTTGTGCCAGCCAAAAGGC

Dataset name: test49
SP: -268
Alignment:
-TTTATAC-T-A---GCTATT-GACCACGAGGGGATG--
--TACGTCGTATGGACGCAT-C----ACGATCG-AT-AC
GGTGCTCACCAATCAAGCTTGCAAGTTGTC---------

