Dataset name: test0
SP: -976
Alignment:
TTAGGATGACAAGCTGACATATGCACAGAT
TGCCCTTTGTACCACGGATGACTCTCTAGT
GGTTAGATTGTTGCTCCAACCGGGTCGTTT
GTGACGATTAGAGCCCCGCGTACGACTCCG
AACGACGGGGCTGAAGTTACGATCATCGAC
ACAATATCTCCAATTCTGCCCCCCCGAGAT

Dataset name: test1
SP: -1024
Alignment:
ATTAAGAAAAAGTACTTTTGTAACGCTGTA--
TTACCAGGAGTCACAGCTTTTCAGACACGG--
TTTGCTCAAAACACTTGCCTCGCAGTTGCT--
AGACGGAGTGCCTCCTTAGCTATGATAGTA--
CTAAGTCAACTCCGGAATGTACACTGT-ATG-
TTTAATTCCTCAGTACCA-ACCATTTA-TCAC

Dataset name: test2
SP: -1008
Alignment:
GACCTCCTTAATCTATGGAGGAACCACTAT
TAGCAATGTGACTGACCAGTCGACTCTCCC
AGAAGACATAATGCATAGCTTCCATGACTG
GTGGGGGACCGGCGCACCAAAGCTCCTAAG
TATGTAACGGTGAATACCATTTTTTCCG-C
A-ACAATGTTGCTCTTCTTTATTGCGATTG

Dataset name: test3
SP: -960
Alignment:
CATGGACAGAATACCCTGGGCCGATTCGCG
GCCAGACTGGGCCTGACCTTACTTGCAGGG
AGCTTGACCTTCAGGAAAAACTCCCAATTA
AGGGTCAGGCATAGTGAGGATTGTCGACTA
GCAGAAATAAGGCGAGTACGACAATAGACG
AAGGTTCCAGTACTTTCGCGGCTTCGCTTA

Dataset name: test4
SP: -784
Alignment:
TTTGCATCCAATAGGACAGCGCCCAACCGG
ACATTAGTTTCCTGACAAAAACGCAGTCGA
CGTACCCGGAGATCCACTATACACAACAGC
GCTTTTGGTACTGGTACGGCACTTACACCT
GTGTCAGCTATATCTCTAGGGGCGAAGTAG
GGTTACAGCCACAAAACAGTTATGCTTAAC

Dataset name: test5
SP: -1248
Alignment:
CAGCGCCG-GGAATCAGGTC-TATATCCTCAG--
TTTACTGAAATGTGGCGTGACA-GC-TAG-TTA-
CACGTTCG-GTACAACGAGG-GACCCT-G-CCTT
TCCCATGCCTTTGGAAACTGGCAATGCAGC----
CTCCGCATATAATCTACATTTCTCCCAGGT----
AAGGTGACTAAGTGTACTGCCCAATTCCCA----

Dataset name: test6
SP: -944
Alignment:
GCAAATATAAGAGTGTCTGAATCTCCTGTG
GAGTACCAGTACCGTAGTTCTACCAGCGAG
GAGCTATGAATTACACCAATCGGTAGCTTT
TAGGGAGCGTGTACGGCAAACAATGCGCCG
ACCTGGTTTCATCGTGCCATAATGGTTTAG
TGCTTACGTAGACAGCCAAAGCGAGCGAGC

Dataset name: test7
SP: -888
Alignment:
GATATTCGTTAGGACCGCATCGGCCGTTCC
AAACAGAACCTGCAATCCCTAGTTGGTCCT
AGGTAGCACCGGTTAGTGAAGAAGTTTGTG
TAGAATCCGGCGCTCTGGATAGCAGACTGT
AAACTTCGTAGCCACACGTGAAGCACGGAA
CTTACAGAACGCAACTATAATGTGAAACCC

Dataset name: test8
SP: -920
Alignment:
AGGCGTAGAATGGAGACTCGGTCTTCACGT
GCCGGCCATATGGGCCTGATAATCCGTGAT
CCCGCTAGTTTTAAGACAGAATCAGTACGT
AACGAATGAAAGATAAACTTGCGTATGGTA
CAGTTTCGGGTTGACTTCAACTTCCGCGCG
CGTGCGGCCGCTGCTACCTGTGCCTATGTA

Dataset name: test9
SP: -920
Alignment:
GAGTAGAAAGTGCGGGCGCCTTATCTTGAC
AGCGTGGTTTAGGCAGGATGCAACCCGGGC
TATTTCTTAGAATAGTTGCGTTAACTTCGG
GGATATCGTACCCGCGTTCCCTCCGAACAG
CTACGTCCACCTCTGAATCCCGCAGGCTTC
CGTGGCCAGATACGCCAGGCCTTCCCTACA

Dataset name: test10
SP: -840
Alignment:
TCAGTCACCACATCTCGGAGTGAGATCCCT
TAATTATATCGTCCGCTGGCTGTCCGACAT
CTGTATAATGGGGAGGACTCTCCAACCCTT
TACCTAGTGCCTTTGAAGGCTGGAGCTATG
GAGGTACGGAGATCTACAGAAAGCCTCAAC
GCCTCTATTCACTTACTTTGTGGTGGCGGT

Dataset name: test11
SP: -896
Alignment:
CGTAAAACTGCCATTTTCGCATCAATCTGT
GCTTATAGGACGCTGTCTGTTCGGTGTAAC
GAAGTCAATGTAGTCTCCCCTTAAAAGGGA
ACTGGTGAAGCAGTCTAGAGATAATGATTA
GATCAGGAGGTGGGAGGGTTCCCATTCCCG
ATGACTTTCACTGAAACAGACTACGATTGA

Dataset name: test12
SP: -992
Alignment:
GTAAAAGAATACGCAAGGTAAGCGCCCTAC
GTACGTGCTGACCCACTTGGGGATTCGTAC
TATAAAATACGGCGGTAGATGTTATGACGT
CCCGAACAACTCGCCGCGAGCATGAACGCC
AGCCTGCGAGTGTGCTCCCTGGGGATGGCA
GCCCCATACCCCTCTAAATTCCGCATTACA

Dataset name: test13
SP: -704
Alignment:
GAGGGGGATAACACTATACTTCTCCACATG
TCGTGGGTCAGGTCTGCTTTAGAGCACCTT
GCCCGGAACATTGAAAATTTCGTTCCCTTT
TTTGTTTGTTTTGGTCGTGTACCCACTATG
CGACTATTTATGCCTTAGCTACTCGTGCGG
CTACGACTGTTGTAATGTTCGTACTACATG

Dataset name: test14
SP: -872
Alignment:
ACTGTGAAGCCGATTTCAAGAAGCTTTCGT
TCTTGGTGCAATCGATCGCTGCGAGGCGCT
ACCTACAGCCCAGCTCCCTTGCATTAAGGA
GCCCTTCGTCCAAGCAAGGTAGTAATAACA
TTCTGCGCTTCATTTTGGCATGACACGGAA
GTCGAGGACGCCGCACACAAGATTATTGAC

Dataset name: test15
SP: -880
Alignment:
TACTCGGACACGGCGCTCAGGTTTGACGCA
GACGAGAAAACTGTGAAATCTCAAGTATAA
GAAGAATGGGGATTTTACACAAGCTTCCAT
GGAATGTTACCCCATCACGGGTATGAGGCC
GCTTCACGCCACTTTTGGCCGGAGGGATCC
GAGTGGGAATGTAGCCCGTCTAAACCAAAT

Dataset name: test16
SP: -1000
Alignment:
CTGGAGAGAAGTTTTCCCTAATCGTTGGAA
TGCGCGCGGTTCTTTAGGCCTTAGGCCAAC
CACTGCCTACCACGACGAGTCCTTAAGTAA
TAGAGCTGCACCTAGCGGCGTAGCATTCAA
TCATAATCTATAGGGACACGGGGAGGAAGT
ACGGAGCACTTGGCAAACACGCGGGTGGCT

Dataset name: test17
SP: -900
Alignment:
TTATCGGACAGTGGGAATGTGTACAGAGGT-
TGGCCCGAACACGCGATCACTCTGATG-GTT
CCCCATACTTGCAGCGTGGTAAACC-C-GCG
GCTCTGGACCTTCGTCACGATTATCTCGGG-
TCTCCGTAAAAGGTCCGATTGCGTAGATCG-
CGTCCGGCTGAACGAACCGGCTGGGACACA-

Dataset name: test18
SP: -928
Alignment:
CCAGATGGCATTCGACCCTGTATTATGGAT
AAAACCGTGTAGATTCCAAAGGTGCTCACA
ACCCACAGCCATAAAGCAGACATTTTAGGC
GATGCGAAACCGTCTCTGTTCGTCTGGTCG
TTTCCCATTGGACCTAGCCCATCAGGGTGC
AAACTGATTGAATATATGACCTACTTATGT

Dataset name: test19
SP: -1204
Alignment:
TGTGTATTCGTTTGTAGGTTACTTCATTGG---
CCCCTCCATTCAGTCTAAAATGAAAAGATT---
T-GTACCTGC-GCAT-AGCCGTGGAGACACGTT
ATTTCGTGCAAGGGCTTGTTTATTTTGTAG---
CCGTCAGGTAGGGGAGCACTGATGATGGCC---
ATCTACATCTGCTGTCTTACGGGTGTCTGT---

Dataset name: test20
SP: -1020
Alignment:
TGATTACCACCGGCTCCACGGGTCAATTTG-
CCCCGAGAGATTATTTCCGTCCGAGCTAAC-
TAGAGCCCCCTGCTTCGAATCATCGTCAGA-
ACTTAGCGATCGCCGTGCCCACGCACTCCG-
TTGCAAGGTGAGACACCCGGCAAGTTG-GAT
TAAA-T-GTACGCTGGTTTGTTATGGGTTGC

Dataset name: test21
SP: -880
Alignment:
GCGGGTGATCTAGAAAATACGTATGTCACG
TCCAACGCATAGTCGCTCCCGCGAAGCGTG
TCGCGTACTAGGAAAGATGGAGTAGTGAGA
GCCGCGTAGGTATTGTCATGGTATGATTAG
TTTAGAGTGTACGATGTACGGTGGACGACT
CCCAATCCTGTTACGCGTCTTGGCGCGGTG

Dataset name: test22
SP: -968
Alignment:
CGCATCGACTCACACACTTCTTTTATTTGT--
CCTTTGTATTAGCCTCGAGACCGTGT-TG-AT
CTTTCAAGCAGTCTCGGGCCCATACCTGGT--
GACCCACTCAGCCACCCTAGCTATGTCATG--
GGTCCAGAGTCTTAGATCTGAGGTCTATCG--
TGGCAACAGTGGGGGTGCTACTGGACGACT--

Dataset name: test23
SP: -896
Alignment:
AAGCGTCTACGTCTCATTCGTCCTGGCGTG
TGTGGTCCGGGTGGGCGACGCACTCAGCAC
GGCTTTTCTAAATTTACCCGACCTGATAAA
GCAACGTAGCACCACATTGTTTGTCTGGAT
CCAAGTGTTCGGTGGTTGGGCGCACTCTGT
GCGTAGATTTAGATCTAGGATGCGTGAGTA

Dataset name: test24
SP: -824
Alignment:
GACTATGGCTAAATAGACTAGAGGGTTGCT
AAGCAAAGGGCGGTTTATTGTCGGGGGCGA
CTATATAGCGACTAAGCGGCGCAACTATTC
TTAGCTCCTCTCATGGCTCGGTAAGTTCTT
GAGAGTTGTATCTGATAAACGTTCACAGTC
TTAAAAACCCATATAACATATAATAAAGGA

Dataset name: test25
SP: -912
Alignment:
ATTCTTACAAAGAGACCGACTGCGGCATCA
CCTCGTGGCATTTCCGCCCAGTAAAATGTA
TTCCCACAATTGTCGCGTTACGAGATGTGT
GATCCTGGGTTGTTAGTTTGGTGTTCGCTG
CGGATCTACACTGGTGCGTCTCTCCGCAGC
GTCGCAGGTAAGTAAGTTCACTTGGCTATG

Dataset name: test26
SP: -880
Alignment:
GATTAACCACCACCGACCTTGTAGACCCGA
ATGCGGATCCGACAGATCTTTTGAGGCAGG
GAGAGTCTCGCAGCGCGTCTAAATCAACCA
CTCTAGGATTTTGACCTGTCTGCAACGAGG
GTCATCCAGTTCAATACCGTAGAATTACCC
TCCGCTGCCACAACAGCCCATCGTTGACGA

Dataset name: test27
SP: -968
Alignment:
GGCAATAGACCCTTGGTGGGACGCACTCTT
TCGTAGGATTCCCCTCCTAGCGTCTCACGG
GGTCCTGCCTTTCGGGCTACCCACGTTTAT
GTTACGTGGCGTAGGTACGTTGCAGCGGAA
CAGTAGCGTTACTTCAGAGTTTCGGATATT
AATAGCTTTTCTATAGGTAGATGTCTGAAC

Dataset name: test28
SP: -640
Alignment:
CCACATGGGTCCCCTACCCGAGAAATAGAG
ATCTTTTAGTGGCGAACGGAAAGGTGTGGA
ACTTGTGGCACCCCGTCTTGGCCGAAATCG
GCTTACGTTGAGCGAGAACAAACCAGAGTT
ATTCCGTATGCGCCACGGGTGCCGCGAAGC
CTCGTTTGT-CCCGGACGTGGACG-AATAC

Dataset name: test29
SP: -872
Alignment:
CATTCGACCTTCCGCGCATATACGCCCGTT
AAATATGTGCCAGAGAGGATTCGTGAGAGG
AACCCACCCGTGTGTCCTCATTCTACATTA
ATCAAATCCTTAGAGCAACACAAAAACGAT
GGCAACCACGCGACGCAATCACGCTTTAGG
ACGGACCCGGTTTGGTCACTCAGCGGGTGT

Dataset name: test30
SP: -856
Alignment:
TGCTTACTTTTCCCCATGCATGTGGGGCAC
TCAGAGCTACGTGGCAGTATCAATGTAATC
CCATTTTAATTTGAATTTCGTGCACAGGAA
ATCATAACACGGACCAGTTAGGGGCCGGGC
TAGTTTGCGCGCATCAGTCACCTCGACTTT
ATTATGGGTGACTTAGTACGCTCCTAGTTT

Dataset name: test31
SP: -896
Alignment:
AGCTGTGAGGGGCTATCTACAAAGACCAGC
TTCCGTCGTAAATGAAACGAGACCATTACC
CTTATTATGTGTTGGACACAGTGCTGTCAG
TCAATCCCCCCAGTTTTCGACAATAGACTT
CCGACTTATCCCAATATCGAGTTTTGCTAC
TTCCTGTGCTAACTGTGGGTTTTTTGTCCT

Dataset name: test32
SP: -760
Alignment:
CGCCTAATATTACGGGCCAGGGGACTTCGT
CACAAATATAATGTGCGCTGCCATCGTCGT
GTAGCAGTGCATTTATCAACCTATTTTCTA
CGACGGAGTATTATACGTTGAAAATTTCTC
GGTCTGGAATCCCGACGAGGCCGTCACCCC
TCGAGGTACAGCCTAGGGCAAGAGTGACAG

Dataset name: test33
SP: -888
Alignment:
CGTCGGGCCAAGTTCGGAGGTGTCGTCCGT
GAGCTCCGAAATGTGAAGAACCCGTCACCG
ATGGTCTGGAAGCCACGGAATCGGACAGCG
CAGTACCTTTCCGCGGTAGTAACGACTTCA
ATATGATCCCGTCTATCGAAGCTTCCCGCC
GGTCAGGGTACTAGACTAGGACCTTGCTGT

Dataset name: test34
SP: -904
Alignment:
TCCGACAATTTAACAATCGCAGAATCGTAA
GTTGGTGATTGTGACCCGCAAGGGCCCCAG
TGCACGGGATCTACCTAATGTAATACCCGT
TCTCGAGCGGGACGCGCTTTGGATAGTAGA
GTAACGTCAATCGCTTCGTCCAGCTAGCTG
AGTGGCACGACCGCTCCACCTAGTAAACGC

Dataset name: test35
SP: -864
Alignment:
CACTGACATCTATACGAATTTGTGTAGATG
TTACAAGCGTTTGGGAGGGCTTGCTCTTTC
ACCTGTATACCCAGGTTACTGTCCTATGTC
CAAGGAAGGGAAGCCCCTCAATGGAGGTTA
AATCCCCGCATCAGTATGGTCTAGGCTAGT
GACCATCTCCGTAGCTACGGACGCTAGATT

Dataset name: test36
SP: -840
Alignment:
CTCCATGACGTTTCTATGACTCTGGGAGCA
ACCAAGGGATAGCACCCGGCAGAAATACTG
ATGACATATTCGCGAGAGTGCGCCTTTCCA
CTGTCGGACCAATCTTCTCTTACCTCTCGT
AGTACCCAAATGCCTAGTAATGCTAACACG
CTTCTCCCATCGCTTAGGGGAAAAGGACCC

Dataset name: test37
SP: -944
Alignment:
TAGATTAGAACGGACGAAATTGCACCAACG
ATAGGGATTCGAATGATTGAAACAAAACGA
CCATTCAGACCAGTCGCTGGGCAAGAGTTA
TGCTAGATGGACTTTTCTAGCAGATAGTTG
GGTGTCGGAGTCACGTGCTAGCGTACTGCA
CAAAGCAAGTGGAGGAAACTGTCACTGTGC

Dataset name: test38
SP: -1112
Alignment:
CACCGATAGTACCATGGTTGCCTAGTGATG--
GGAATTAGACTAGGAACCTTAATGGACCTC--
GTGCTAACCCGCGAAGGAGGTGAGAGCATC--
GTGCATTTTAAGCCATGGAAAGCGCCTCCT--
CCCACTGGTTGAGGCCTCATTCACTC-AAAA-
GTTGGATT-TAGTATGTCACTTTTACA-CCAT

Dataset name: test39
SP: -1016
Alignment:
ATCGGGGGGCAAATAGTCACCTTAGAAACC--
AACACTGGTTAGTCGTCCCTGAGAAGAAGA--
AAAGCCATCAGTCAGACCTCACTGGCTACG--
TTCATTTCGGGAGTCAGGACCCCGTGACGG--
TAGCTTTCGCTATGTGTGGACCTAACC-TCG-
AATAGTAGTT-CGTTAGATACTAACGT-CAGC

Dataset name: test40
SP: -956
Alignment:
GGGGGCCAATGGGGTACGAAGCTATGTCTG-
AAGAGGCCATCTTGACACTTAACACA-ATCC
CAATTGCCGATGCG-GCCCGCGGAGAC-CTG
CTCCTGTCCCGTCCTTATAGGTGGCTAGCT-
GCTCCGACAAGGGCAAAAAGAAGACGACTT-
TCCTCTAAGTACTATAATCTCCGTCGCAAC-

Dataset name: test41
SP: -928
Alignment:
CAATGACCGGTGGAACTACCTCCCTAAGGC
AGAAGACGTGTGATTTGTAAATCACTGATG
CCTGATGTGACTCTATGTCATCGGACACCT
TCCTTGCTCATACTGGTCCACGCGGCAGGC
ACGCAAAAGGTTCCTAGTAGCATATGCAGA
GCCCTGTTAACCGTGTCGTCTTGAATGAGC

Dataset name: test42
SP: -848
Alignment:
GAATCGCAGGAATAAAATAAGAAATGGAAC
TCCCTACCTCGACGGTGTATACGAAGCGGG
GAATGTTTAAAGTTGCACTATTCTTTAGAC
AACGTAGCCCCAATACATAATCCTGTAAAG
ACGTGGGACCTCGAGTATCCCCTCCCTTGC
TCCCCATGCGGGTAGCAAACAACTCGTCGT

Dataset name: test43
SP: -1040
Alignment:
AATCCACAGTTAGTCGTCGATGCAGCGGCG
CCGAGTACAGGATTTCGAAAGCGAGCCACC
ATTGATGGTAGTTCTAAGACTTCACATATC
CGATTCTACCTTGGGTCCCTGGATCGGCGA
TAGCCTCCAAACCAGCTAGCGAAGACACAA
CGGTTATTTTAAGCTTGCAAAACGCCACTC

Dataset name: test44
SP: -752
Alignment:
AGAGTACGCCGGCTAGTTAGTTTAGTCGTC
ACCTTGCGTATATTAAAGCATTTATATTCG
T-CGATTCCGTCGTTGGGGTTAACCTTTCG
GCCGCGTCAGTGTGACGGAAGTGTTAAGCC
CGTGTCTCGCATCTGCTTACATAGCTTGTT
CGAGTCTCGTGATTGCTCGGTAAGGGGCTG

Dataset name: test45
SP: -1008
Alignment:
GGACATACTTCTGTAATATGTTGGATTCTG--
GGTACTTCACCAATTTAACGCGTAGTTGAT--
GAACTGGCACGAGAGACTTACAGGCCTATT--
AATGTTCCCGACTTAAGCCGAGCTAGTTAC--
GGGAGTTATAGTCCGTGCGTACCATCCGCC--
GGATTGGTTGAAA-CTCGTCCTTG-CTTGCCT

Dataset name: test46
SP: -864
Alignment:
GGAGTGCCTTTGATCGGTGATGATACGGTA
ATTATGTGAAACAGCGCTTTATAGCCGTGT
GACGGTGCCCCCGTGCGACGTCAACCCTTC
GCGAGAGGGCAACCTCAGGAGTCCTAGGCG
GACAGTGCGGACACAAGTTACAGCGTGGGG
GCACTTCTCGACTCTAATGTCACTCGCTTC

Dataset name: test47
SP: -872
Alignment:
GAAGAGCCATAATTTGGACTGGCAACAGTC
TCGAGATCACATTACGCAAGAAACTCCAGC
GGATCGTTCAAGCCAGGGGAAACCCTTAGC
TTGAGGAGAGGTCTCGAGTACTGTGTCGTA
CGCAAGTGCATTTGGTCTGCAGAATACACA
CTGGTAGTCCAAATCGCCTTACCATAGAAA

Dataset name: test48
SP: -900
Alignment:
AACGCGTTTCGCCTGATCATGACGCAAAGG-
TCGGTATGTCAGACCGCCCCACTGACA-AAA
C-TAAGTCTT-GGGAATCATACGGGATCCCT
AACACACCACACAGAACCTGCGCGCTCCAT-
AGCATACAATGCGTTGATATCTGGGTACTT-
TTTCATCCTCCTCAGGCGCTTCTTTTTCTA-

Dataset name: test49
SP: -824
Alignment:
CATAGGGTGGTTACCATTAGTACACAAAAG
TCGCCGTAACCCTAGAACTCGCCGGCTATG
AGAAGGTGATCAATAGGTATTAGTCGACAG
CGGCCAAATTGATTCCGCTAGGATGAGTGT
AGTACCAAGATCTATGCGATCGCATATAAG
AGACCTCGATCAGACTGTAAAAAGGGATTG

Dataset name: test0
SP: -976
Alignment:
TTAGGATGACAAGCTGACATATGCACAGAT
TGCCCTTTGTACCACGGATGACTCTCTAGT
GGTTAGATTGTTGCTCCAACCGGGTCGTTT
GTGACGATTAGAGCCCCGCGTACGACTCCG
AACGACGGGGCTGAAGTTACGATCATCGAC
ACAATATCTCCAATTCTGCCCCCCCGAGAT

Dataset name: test1
SP: -1024
Alignment:
ATTAAGAAAAAGTACTTTTGTAACGCTGTA--
TTACCAGGAGTCACAGCTTTTCAGACACGG--
TTTGCTCAAAACACTTGCCTCGCAGTTGCT--
AGACGGAGTGCCTCCTTAGCTATGATAGTA--
CTAAGTCAACTCCGGAATGTACACTGT-ATG-
TTTAATTCCTCAGTACCA-ACCATTTA-TCAC

Dataset name: test2
SP: -1040
Alignment:
GACCTCCTTAATCTATGGAGGAACCACTAT
TAGCAATGTGACTGACCAGTCGACTCTCCC
AGAAGACATAATGCATAGCTTCCATGACTG
GTGGGGGACCGGCGCACCAAAGCTCCTAAG
TATGTAACGGTGAATACCATTTTTTCCGCG
AACAATGTTGCTCTTCTTTATTGCGATTGA

Dataset name: test3
SP: -960
Alignment:
CATGGACAGAATACCCTGGGCCGATTCGCG
GCCAGACTGGGCCTGACCTTACTTGCAGGG
AGCTTGACCTTCAGGAAAAACTCCCAATTA
AGGGTCAGGCATAGTGAGGATTGTCGACTA
GCAGAAATAAGGCGAGTACGACAATAGACG
AAGGTTCCAGTACTTTCGCGGCTTCGCTTA

Dataset name: test4
SP: -784
Alignment:
TTTGCATCCAATAGGACAGCGCCCAACCGG
ACATTAGTTTCCTGACAAAAACGCAGTCGA
CGTACCCGGAGATCCACTATACACAACAGC
GCTTTTGGTACTGGTACGGCACTTACACCT
GTGTCAGCTATATCTCTAGGGGCGAAGTAG
GGTTACAGCCACAAAACAGTTATGCTTAAC

Dataset name: test5
SP: -968
Alignment:
CAGCGCCGGGAATCAGGTCTATATCCTCAG
TTTACTGAAATGTGGCGTGACAGCTAGTTA
CACGTTCGGTACAACGAGGGACCCTGCCTT
TCCCATGCCTTTGGAAACTGGCAATGCAGC
CTCCGCATATAATCTACATTTCTCCCAGGT
AAGGTGACTAAGTGTACTGCCCAATTCCCA

Dataset name: test6
SP: -944
Alignment:
GCAAATATAAGAGTGTCTGAATCTCCTGTG
GAGTACCAGTACCGTAGTTCTACCAGCGAG
GAGCTATGAATTACACCAATCGGTAGCTTT
TAGGGAGCGTGTACGGCAAACAATGCGCCG
ACCTGGTTTCATCGTGCCATAATGGTTTAG
TGCTTACGTAGACAGCCAAAGCGAGCGAGC

Dataset name: test7
SP: -948
Alignment:
GATATTCGTTAGGACCGCATCGGCCGTTCC-
AAACAGAACCTGCAATCCCTAGTTGGTCCT-
AGGTAGCACCGGTTAGTGAAGAAGTTTGTG-
TAGAATCCGGCGCTCTGGATAGCAGACTGT-
AAACTTCGTAGCCACACGTGAAGCACG-GAA
C-TTACAGAA-CGCAACTATAATGTGAAACC

Dataset name: test8
SP: -920
Alignment:
AGGCGTAGAATGGAGACTCGGTCTTCACGT
GCCGGCCATATGGGCCTGATAATCCGTGAT
CCCGCTAGTTTTAAGACAGAATCAGTACGT
AACGAATGAAAGATAAACTTGCGTATGGTA
CAGTTTCGGGTTGACTTCAACTTCCGCGCG
CGTGCGGCCGCTGCTACCTGTGCCTATGTA

Dataset name: test9
SP: -920
Alignment:
GAGTAGAAAGTGCGGGCGCCTTATCTTGAC
AGCGTGGTTTAGGCAGGATGCAACCCGGGC
TATTTCTTAGAATAGTTGCGTTAACTTCGG
GGATATCGTACCCGCGTTCCCTCCGAACAG
CTACGTCCACCTCTGAATCCCGCAGGCTTC
CGTGGCCAGATACGCCAGGCCTTCCCTACA

Dataset name: test10
SP: -840
Alignment:
TCAGTCACCACATCTCGGAGTGAGATCCCT
TAATTATATCGTCCGCTGGCTGTCCGACAT
CTGTATAATGGGGAGGACTCTCCAACCCTT
TACCTAGTGCCTTTGAAGGCTGGAGCTATG
GAGGTACGGAGATCTACAGAAAGCCTCAAC
GCCTCTATTCACTTACTTTGTGGTGGCGGT

Dataset name: test11
SP: -880
Alignment:
CGTAAAACTGCCATTTTCGCATCAATCTGT
GCTTATAGGACGCTGTCTGTTCGGTGTAAC
GAAGTCAATGTAGTCTCCCCTTAAAAGGGA
ACTGGTGAAGCAGTCTAGAGATAATGATTA
GATC-AGGAGGTGGGAGGGTTCCCATTCCC
ATGACTTTCACTGAAACAGACTACGATTGA

Dataset name: test12
SP: -1080
Alignment:
GTAAAAGAATACGCAAGGTAAGCGCCCTAC--
GTACGTGCTGACCCACTTGGGGATTCG-TAC-
TATAAAATACGGCGGTAG-ATGTT-ATGACGT
CCCGAACAACTCGCCGCGAGCATGAACGCC--
AGCCTGCGAGTGTGCTCCCTGGGGATGGCA--
GCCCCATACCCCTCTAAATTCCGCATTACA--

Dataset name: test13
SP: -704
Alignment:
GAGGGGGATAACACTATACTTCTCCACATG
TCGTGGGTCAGGTCTGCTTTAGAGCACCTT
GCCCGGAACATTGAAAATTTCGTTCCCTTT
TTTGTTTGTTTTGGTCGTGTACCCACTATG
CGACTATTTATGCCTTAGCTACTCGTGCGG
CTACGACTGTTGTAATGTTCGTACTACATG

Dataset name: test14
SP: -872
Alignment:
ACTGTGAAGCCGATTTCAAGAAGCTTTCGT
TCTTGGTGCAATCGATCGCTGCGAGGCGCT
ACCTACAGCCCAGCTCCCTTGCATTAAGGA
GCCCTTCGTCCAAGCAAGGTAGTAATAACA
TTCTGCGCTTCATTTTGGCATGACACGGAA
GTCGAGGACGCCGCACACAAGATTATTGAC

Dataset name: test15
SP: -880
Alignment:
TACTCGGACACGGCGCTCAGGTTTGACGCA
GACGAGAAAACTGTGAAATCTCAAGTATAA
GAAGAATGGGGATTTTACACAAGCTTCCAT
GGAATGTTACCCCATCACGGGTATGAGGCC
GCTTCACGCCACTTTTGGCCGGAGGGATCC
GAGTGGGAATGTAGCCCGTCTAAACCAAAT

Dataset name: test16
SP: -1164
Alignment:
C-TGGAGAGAAGTTTTCCCTAATCGTTGGAA--
TGCGCGCGGTTCTTTAG-GCCTTAGGCC-AAC-
C-ACTGCCTA-CCACGACGAGTCC-TTAAGTAA
TAGAGCTGCACCTAGCGGCGTAGCATTCAA---
TCATAATCTATAGGGACACGGGGAGGAAGT---
ACGGAGCACTTGGCAAACACGCGGGTGGCT---

Dataset name: test17
SP: -960
Alignment:
TTATCGGACAGTGGGAATGTGTACAGAGGT--
TGGCCCGAACACGCGATCACTCTGATG-GTT-
CCCCATACTTGCAGCGTGGTAAACC-C-GCGA
GCTCTGGACCTTCGTCACGATTATCTCGGG--
TCTCCGTAAAAGGTCCGATTGCGTAGATCG--
CGTCCGGCTGAACGAACCGGCTGGGACACA--

Dataset name: test18
SP: -976
Alignment:
CCAGATGGCATTCGACCCTGTATTATGGAT
AAAACCGTGTAGATTCCAAAGGTGCTCACA
ACCCACAGCCATAAAGCA-GACAT-TTTAG
GATGCGAAACCGTCTCTGTTCGTCTGGTCG
TTTCCCATTGGACCTAGCCCATCAGGGTGC
AAACTGATTGAATATATGACCTACTTATGT

Dataset name: test19
SP: -928
Alignment:
TGTGTATTCGTTTGTAGGTTACTTCATTGG
CCCCTCCATTCAGTCTAAAATGAAAAGATT
TGTACCTGCGCATAGCCGTGGAGACACGTT
ATTTCGTGCAAGGGCTTGTTTATTTTGTAG
CCGTCAGGTAGGGGAGCACTGATGATGGCC
ATCTACATCTGCTGTCTTACGGGTGTCTGT

Dataset name: test20
SP: -920
Alignment:
TGATTACCACCGGCTCCACGGGTCAATTTG
CCCCGAGAGATTATTTCCGTCCGAGCTAAC
TAGAGCCCCCTGCTTCGAATCATCGTCAGA
ACTTAGCGATCGCCGTGCCCACGCACTCCG
TTGCAAGGTGAGACACCCGGCAAGTTGGAT
TAAATGTACGCTGGTTTGTTATGGGTTGCG

Dataset name: test21
SP: -880
Alignment:
GCGGGTGATCTAGAAAATACGTATGTCACG
TCCAACGCATAGTCGCTCCCGCGAAGCGTG
TCGCGTACTAGGAAAGATGGAGTAGTGAGA
GCCGCGTAGGTATTGTCATGGTATGATTAG
TTTAGAGTGTACGATGTACGGTGGACGACT
CCCAATCCTGTTACGCGTCTTGGCGCGGTG

Dataset name: test22
SP: -868
Alignment:
CGCATCGACTCACACACTTCTTTTATTTGT-
CCTTTGTATTAGCCTCGAGACCGTGT-TGAT
CTTTCAAGCAGTCTCGGG-CCCATACC-TGG
GACCCACTCAGCCACCCTAGCTATGTCATG-
GGTCCAGAGTCTTAGATCTGAGGTCTATCG-
TGGCAACAGTGGGGGTGCTACTGGACGACT-

Dataset name: test23
SP: -896
Alignment:
AAGCGTCTACGTCTCATTCGTCCTGGCGTG
TGTGGTCCGGGTGGGCGACGCACTCAGCAC
GGCTTTTCTAAATTTACCCGACCTGATAAA
GCAACGTAGCACCACATTGTTTGTCTGGAT
CCAAGTGTTCGGTGGTTGGGCGCACTCTGT
GCGTAGATTTAGATCTAGGATGCGTGAGTA

Dataset name: test24
SP: -824
Alignment:
GACTATGGCTAAATAGACTAGAGGGTTGCT
AAGCAAAGGGCGGTTTATTGTCGGGGGCGA
CTATATAGCGACTAAGCGGCGCAACTATTC
TTAGCTCCTCTCATGGCTCGGTAAGTTCTT
GAGAGTTGTATCTGATAAACGTTCACAGTC
TTAAAAACCCATATAACATATAATAAAGGA

Dataset name: test25
SP: -912
Alignment:
ATTCTTACAAAGAGACCGACTGCGGCATCA
CCTCGTGGCATTTCCGCCCAGTAAAATGTA
TTCCCACAATTGTCGCGTTACGAGATGTGT
GATCCTGGGTTGTTAGTTTGGTGTTCGCTG
CGGATCTACACTGGTGCGTCTCTCCGCAGC
GTCGCAGGTAAGTAAGTTCACTTGGCTATG

Dataset name: test26
SP: -880
Alignment:
GATTAACCACCACCGACCTTGTAGACCCGA
ATGCGGATCCGACAGATCTTTTGAGGCAGG
GAGAGTCTCGCAGCGCGTCTAAATCAACCA
CTCTAGGATTTTGACCTGTCTGCAACGAGG
GTCATCCAGTTCAATACCGTAGAATTACCC
TCCGCTGCCACAACAGCCCATCGTTGACGA

Dataset name: test27
SP: -968
Alignment:
GGCAATAGACCCTTGGTGGGACGCACTCTT
TCGTAGGATTCCCCTCCTAGCGTCTCACGG
GGTCCTGCCTTTCGGGCTACCCACGTTTAT
GTTACGTGGCGTAGGTACGTTGCAGCGGAA
CAGTAGCGTTACTTCAGAGTTTCGGATATT
AATAGCTTTTCTATAGGTAGATGTCTGAAC

Dataset name: test28
SP: -640
Alignment:
CCACATGGGTCCCCTACCCGAGAAATAGAG
ATCTTTTAGTGGCGAACGGAAAGGTGTGGA
ACTTGTGGCACCCCGTCTTGGCCGAAATCG
GCTTACGTTGAGCGAGAACAAACCAGAGTT
ATTCCGTATGCGCCACGGGTGCCGCGAAGC
CTCGTTTGT-CCCGGACGTGGACG-AATAC

Dataset name: test29
SP: -872
Alignment:
CATTCGACCTTCCGCGCATATACGCCCGTT
AAATATGTGCCAGAGAGGATTCGTGAGAGG
AACCCACCCGTGTGTCCTCATTCTACATTA
ATCAAATCCTTAGAGCAACACAAAAACGAT
GGCAACCACGCGACGCAATCACGCTTTAGG
ACGGACCCGGTTTGGTCACTCAGCGGGTGT

Dataset name: test30
SP: -856
Alignment:
TGCTTACTTTTCCCCATGCATGTGGGGCAC
TCAGAGCTACGTGGCAGTATCAATGTAATC
CCATTTTAATTTGAATTTCGTGCACAGGAA
ATCATAACACGGACCAGTTAGGGGCCGGGC
TAGTTTGCGCGCATCAGTCACCTCGACTTT
ATTATGGGTGACTTAGTACGCTCCTAGTTT

Dataset name: test31
SP: -896
Alignment:
AGCTGTGAGGGGCTATCTACAAAGACCAGC
TTCCGTCGTAAATGAAACGAGACCATTACC
CTTATTATGTGTTGGACACAGTGCTGTCAG
TCAATCCCCCCAGTTTTCGACAATAGACTT
CCGACTTATCCCAATATCGAGTTTTGCTAC
TTCCTGTGCTAACTGTGGGTTTTTTGTCCT

Dataset name: test32
SP: -760
Alignment:
CGCCTAATATTACGGGCCAGGGGACTTCGT
CACAAATATAATGTGCGCTGCCATCGTCGT
GTAGCAGTGCATTTATCAACCTATTTTCTA
CGACGGAGTATTATACGTTGAAAATTTCTC
GGTCTGGAATCCCGACGAGGCCGTCACCCC
TCGAGGTACAGCCTAGGGCAAGAGTGACAG

Dataset name: test33
SP: -888
Alignment:
CGTCGGGCCAAGTTCGGAGGTGTCGTCCGT
GAGCTCCGAAATGTGAAGAACCCGTCACCG
ATGGTCTGGAAGCCACGGAATCGGACAGCG
CAGTACCTTTCCGCGGTAGTAACGACTTCA
ATATGATCCCGTCTATCGAAGCTTCCCGCC
GGTCAGGGTACTAGACTAGGACCTTGCTGT

Dataset name: test34
SP: -948
Alignment:
TCCGACAATTTAACAATCGCAGAATCGTAA-
GTTGGTGATTGTGA-CCCGCAAGGGCCCCAG
TGCACGGGATCTACCTAATGTAATACCCGT-
TCTCGAGCGGGACGCGCTTTGGATAGTAGA-
GTAACGTCAATCGCTTCGTCCAGCTAGCTG-
AGTGGCACGACCGCTCCACCTAGTAAACGC-

Dataset name: test35
SP: -864
Alignment:
CACTGACATCTATACGAATTTGTGTAGATG
TTACAAGCGTTTGGGAGGGCTTGCTCTTTC
ACCTGTATACCCAGGTTACTGTCCTATGTC
CAAGGAAGGGAAGCCCCTCAATGGAGGTTA
AATCCCCGCATCAGTATGGTCTAGGCTAGT
GACCATCTCCGTAGCTACGGACGCTAGATT

Dataset name: test36
SP: -840
Alignment:
CTCCATGACGTTTCTATGACTCTGGGAGCA
ACCAAGGGATAGCACCCGGCAGAAATACTG
ATGACATATTCGCGAGAGTGCGCCTTTCCA
CTGTCGGACCAATCTTCTCTTACCTCTCGT
AGTACCCAAATGCCTAGTAATGCTAACACG
CTTCTCCCATCGCTTAGGGGAAAAGGACCC

Dataset name: test37
SP: -944
Alignment:
TAGATTAGAACGGACGAAATTGCACCAACG
ATAGGGATTCGAATGATTGAAACAAAACGA
CCATTCAGACCAGTCGCTGGGCAAGAGTTA
TGCTAGATGGACTTTTCTAGCAGATAGTTG
GGTGTCGGAGTCACGTGCTAGCGTACTGCA
CAAAGCAAGTGGAGGAAACTGTCACTGTGC

Dataset name: test38
SP: -1052
Alignment:
CACCGATAGTACCATGGTTGCCTAGTGATG-
GGAATTAGACTAGGAACCTTAATGGACCTC-
GTGCTAACCCGCGAAGGAGGTGAGAGCATC-
GTGCATTTTAAGCCATGGAAAGCGCCTCCT-
CCCACTGGTTGAGGCCTCATTCACTC-AAAA
GTTGGATT-TAGTATGTCACTTTTACA-CCA

Dataset name: test39
SP: -872
Alignment:
ATCGGGGGGCAAATAGTCACCTTAGAAACC
AACACTGGTTAGTCGTCCCTGAGAAGAAGA
AAAGCCATCAGTCAGACCTCACTGGCTACG
TTCATTTCGGGAGTCAGGACCCCGTGACGG
TAGCTTTCGCTATGTGTGGACCTAACCTCG
AATAGTAGTTCGTTAGATACTAACGTCAGC

Dataset name: test40
SP: -1016
Alignment:
GGGGGCCAATGGGGTACGAAGCTATGTCTG--
AAGAGGCCATCTTGACACTTAACACA-ATCC-
CAATTGCCGATGCG-GCCCGCGGAGAC-CTGG
CTCCTGTCCCGTCCTTATAGGTGGCTAGCT--
GCTCCGACAAGGGCAAAAAGAAGACGACTT--
TCCTCTAAGTACTATAATCTCCGTCGCAAC--

Dataset name: test41
SP: -928
Alignment:
CAATGACCGGTGGAACTACCTCCCTAAGGC
AGAAGACGTGTGATTTGTAAATCACTGATG
CCTGATGTGACTCTATGTCATCGGACACCT
TCCTTGCTCATACTGGTCCACGCGGCAGGC
ACGCAAAAGGTTCCTAGTAGCATATGCAGA
GCCCTGTTAACCGTGTCGTCTTGAATGAGC

Dataset name: test42
SP: -856
Alignment:
GAATCGCAGGAATAAAATAAGAAATGGAAC
TCCCTACCTCGACGGTGTATACGAAGC-GG
GAATGTTTAAAGTTGCACTATTCTTTAGAC
AACGTAGCCCCAATACATAATCCTGTAAAG
ACGTGGGACCTCGAGTATCCCCTCCCTTGC
TCCCCATGCGGGTAGCAAACAACTCGTCGT

Dataset name: test43
SP: -1040
Alignment:
AATCCACAGTTAGTCGTCGATGCAGCGGCG
CCGAGTACAGGATTTCGAAAGCGAGCCACC
ATTGATGGTAGTTCTAAGACTTCACATATC
CGATTCTACCTTGGGTCCCTGGATCGGCGA
TAGCCTCCAAACCAGCTAGCGAAGACACAA
CGGTTATTTTAAGCTTGCAAAACGCCACTC

Dataset name: test44
SP: -752
Alignment:
AGAGTACGCCGGCTAGTTAGTTTAGTCGTC
ACCTTGCGTATATTAAAGCATTTATATTCG
T-CGATTCCGTCGTTGGGGTTAACCTTTCG
GCCGCGTCAGTGTGACGGAAGTGTTAAGCC
CGTGTCTCGCATCTGCTTACATAGCTTGTT
CGAGTCTCGTGATTGCTCGGTAAGGGGCTG

Dataset name: test45
SP: -888
Alignment:
GGACATACTTCTGTAATATGTTGGATTCTG
GGTACTTCACCAATTTAACGCGTAGTTGAT
GAACTGGCACGAGAGACTTACAGGCCTATT
AATGTTCCCGACTTAAGCCGAGCTAGTTAC
GGGAGTTATAGTCCGTGCGTACCATCCGCC
GGATTGGTTGAAA-CTCGTCCTTG-CTTGC

Dataset name: test46
SP: -864
Alignment:
GGAGTGCCTTTGATCGGTGATGATACGGTA
ATTATGTGAAACAGCGCTTTATAGCCGTGT
GACGGTGCCCCCGTGCGACGTCAACCCTTC
GCGAGAGGGCAACCTCAGGAGTCCTAGGCG
GACAGTGCGGACACAAGTTACAGCGTGGGG
GCACTTCTCGACTCTAATGTCACTCGCTTC

Dataset name: test47
SP: -872
Alignment:
GAAGAGCCATAATTTGGACTGGCAACAGTC
TCGAGATCACATTACGCAAGAAACTCCAGC
GGATCGTTCAAGCCAGGGGAAACCCTTAGC
TTGAGGAGAGGTCTCGAGTACTGTGTCGTA
CGCAAGTGCATTTGGTCTGCAGAATACACA
CTGGTAGTCCAAATCGCCTTACCATAGAAA

Dataset name: test48
SP: -880
Alignment:
AACGCGTTTCGCCTGATCATGACGCAAAGG
TCGGTATGTCAGACCGCCCCACTGACAAAA
CTAAGTCTTGGGAATCATACGGGATCCCTT
AACACACCACACAGAACCTGCGCGCTCCAT
AGCATACAATGCGTTGATATCTGGGTACTT
TTTCATCCTCCTCAGGCGCTTCTTTTTCTA

Dataset name: test49
SP: -824
Alignment:
CATAGGGTGGTTACCATTAGTACACAAAAG
TCGCCGTAACCCTAGAACTCGCCGGCTATG
AGAAGGTGATCAATAGGTATTAGTCGACAG
CGGCCAAATTGATTCCGCTAGGATGAGTGT
AGTACCAAGATCTATGCGATCGCATATAAG
AGACCTCGATCAGACTGTAAAAAGGGATTG

